  ▲ Next.js 14.2.16

   Creating an optimized production build ...
 ✓ Compiled successfully
   Skipping validation of types
   Skipping linting
   Collecting page data ...
   Generating static pages (0/38) ...
TypeError: Cannot read properties of undefined (reading 'toString')
    at eE (/Users/my/YYC-smart-office/node_modules/next/dist/compiled/next-server/app-page.runtime.prod.js:12:218599)
    at eT (/Users/my/YYC-smart-office/node_modules/next/dist/compiled/next-server/app-page.runtime.prod.js:12:218715)
    at /Users/my/YYC-smart-office/node_modules/next/dist/compiled/next-server/app-page.runtime.prod.js:13:12708
    at Array.map (<anonymous>)
    at eb.icons (/Users/my/YYC-smart-office/node_modules/next/dist/compiled/next-server/app-page.runtime.prod.js:13:12701)
    at /Users/my/YYC-smart-office/node_modules/next/dist/compiled/next-server/app-page.runtime.prod.js:13:12823
    at runNextTicks (node:internal/process/task_queues:65:5)
    at listOnTimeout (node:internal/timers:569:9)
    at process.processTimers (node:internal/timers:543:7) {
  digest: '2453340271'
}
TypeError: Cannot read properties of undefined (reading 'toString')
    at eE (/Users/my/YYC-smart-office/node_modules/next/dist/compiled/next-server/app-page.runtime.prod.js:12:218599)
    at eT (/Users/my/YYC-smart-office/node_modules/next/dist/compiled/next-server/app-page.runtime.prod.js:12:218715)
    at /Users/my/YYC-smart-office/node_modules/next/dist/compiled/next-server/app-page.runtime.prod.js:13:12708
    at Array.map (<anonymous>)
    at eb.icons (/Users/my/YYC-smart-office/node_modules/next/dist/compiled/next-server/app-page.runtime.prod.js:13:12701)
    at /Users/my/YYC-smart-office/node_modules/next/dist/compiled/next-server/app-page.runtime.prod.js:13:12823 {
  digest: '1983617549'
}
TypeError: Cannot read properties of undefined (reading 'toString')
    at eE (/Users/my/YYC-smart-office/node_modules/next/dist/compiled/next-server/app-page.runtime.prod.js:12:218599)
    at eT (/Users/my/YYC-smart-office/node_modules/next/dist/compiled/next-server/app-page.runtime.prod.js:12:218715)
    at /Users/my/YYC-smart-office/node_modules/next/dist/compiled/next-server/app-page.runtime.prod.js:13:12708
    at Array.map (<anonymous>)
    at eb.icons (/Users/my/YYC-smart-office/node_modules/next/dist/compiled/next-server/app-page.runtime.prod.js:13:12701)
    at /Users/my/YYC-smart-office/node_modules/next/dist/compiled/next-server/app-page.runtime.prod.js:13:12823 {
  digest: '1983617549'
}
TypeError: Cannot read properties of undefined (reading 'toString')
    at eE (/Users/my/YYC-smart-office/node_modules/next/dist/compiled/next-server/app-page.runtime.prod.js:12:218599)
    at eT (/Users/my/YYC-smart-office/node_modules/next/dist/compiled/next-server/app-page.runtime.prod.js:12:218715)
    at /Users/my/YYC-smart-office/node_modules/next/dist/compiled/next-server/app-page.runtime.prod.js:13:12708
    at Array.map (<anonymous>)
    at eb.icons (/Users/my/YYC-smart-office/node_modules/next/dist/compiled/next-server/app-page.runtime.prod.js:13:12701)
    at /Users/my/YYC-smart-office/node_modules/next/dist/compiled/next-server/app-page.runtime.prod.js:13:12823 {
  digest: '1983617549'
}
[Error: An error occurred in the Server Components render. The specific message is omitted in production builds to avoid leaking sensitive details. A digest property is included on this error instance which may provide additional details about the nature of the error.] {
  digest: '1983617549'
}

Error occurred prerendering page "/cashier". Read more: https://nextjs.org/docs/messages/prerender-error

Error: An error occurred in the Server Components render. The specific message is omitted in production builds to avoid leaking sensitive details. A digest property is included on this error instance which may provide additional details about the nature of the error.
TypeError: Cannot read properties of undefined (reading 'toString')
    at eE (/Users/my/YYC-smart-office/node_modules/next/dist/compiled/next-server/app-page.runtime.prod.js:12:218599)
    at eT (/Users/my/YYC-smart-office/node_modules/next/dist/compiled/next-server/app-page.runtime.prod.js:12:218715)
    at /Users/my/YYC-smart-office/node_modules/next/dist/compiled/next-server/app-page.runtime.prod.js:13:12708
    at Array.map (<anonymous>)
    at eb.icons (/Users/my/YYC-smart-office/node_modules/next/dist/compiled/next-server/app-page.runtime.prod.js:13:12701)
    at /Users/my/YYC-smart-office/node_modules/next/dist/compiled/next-server/app-page.runtime.prod.js:13:12823
    at runNextTicks (node:internal/process/task_queues:65:5)
    at listOnTimeout (node:internal/timers:569:9)
    at process.processTimers (node:internal/timers:543:7) {
  digest: '2453340271'
}
TypeError: Cannot read properties of undefined (reading 'toString')
    at eE (/Users/my/YYC-smart-office/node_modules/next/dist/compiled/next-server/app-page.runtime.prod.js:12:218599)
    at eT (/Users/my/YYC-smart-office/node_modules/next/dist/compiled/next-server/app-page.runtime.prod.js:12:218715)
    at /Users/my/YYC-smart-office/node_modules/next/dist/compiled/next-server/app-page.runtime.prod.js:13:12708
    at Array.map (<anonymous>)
    at eb.icons (/Users/my/YYC-smart-office/node_modules/next/dist/compiled/next-server/app-page.runtime.prod.js:13:12701)
    at /Users/my/YYC-smart-office/node_modules/next/dist/compiled/next-server/app-page.runtime.prod.js:13:12823 {
  digest: '1983617549'
}
TypeError: Cannot read properties of undefined (reading 'toString')
    at eE (/Users/my/YYC-smart-office/node_modules/next/dist/compiled/next-server/app-page.runtime.prod.js:12:218599)
    at eT (/Users/my/YYC-smart-office/node_modules/next/dist/compiled/next-server/app-page.runtime.prod.js:12:218715)
    at /Users/my/YYC-smart-office/node_modules/next/dist/compiled/next-server/app-page.runtime.prod.js:13:12708
    at Array.map (<anonymous>)
    at eb.icons (/Users/my/YYC-smart-office/node_modules/next/dist/compiled/next-server/app-page.runtime.prod.js:13:12701)
    at /Users/my/YYC-smart-office/node_modules/next/dist/compiled/next-server/app-page.runtime.prod.js:13:12823 {
  digest: '1983617549'
}
TypeError: Cannot read properties of undefined (reading 'toString')
    at eE (/Users/my/YYC-smart-office/node_modules/next/dist/compiled/next-server/app-page.runtime.prod.js:12:218599)
    at eT (/Users/my/YYC-smart-office/node_modules/next/dist/compiled/next-server/app-page.runtime.prod.js:12:218715)
    at /Users/my/YYC-smart-office/node_modules/next/dist/compiled/next-server/app-page.runtime.prod.js:13:12708
    at Array.map (<anonymous>)
    at eb.icons (/Users/my/YYC-smart-office/node_modules/next/dist/compiled/next-server/app-page.runtime.prod.js:13:12701)
    at /Users/my/YYC-smart-office/node_modules/next/dist/compiled/next-server/app-page.runtime.prod.js:13:12823 {
  digest: '1983617549'
}
[Error: An error occurred in the Server Components render. The specific message is omitted in production builds to avoid leaking sensitive details. A digest property is included on this error instance which may provide additional details about the nature of the error.] {
  digest: '1983617549'
}

Error occurred prerendering page "/employee". Read more: https://nextjs.org/docs/messages/prerender-error

Error: An error occurred in the Server Components render. The specific message is omitted in production builds to avoid leaking sensitive details. A digest property is included on this error instance which may provide additional details about the nature of the error.
TypeError: Cannot read properties of undefined (reading 'toString')
    at eE (/Users/my/YYC-smart-office/node_modules/next/dist/compiled/next-server/app-page.runtime.prod.js:12:218599)
    at eT (/Users/my/YYC-smart-office/node_modules/next/dist/compiled/next-server/app-page.runtime.prod.js:12:218715)
    at /Users/my/YYC-smart-office/node_modules/next/dist/compiled/next-server/app-page.runtime.prod.js:13:12708
    at Array.map (<anonymous>)
    at eb.icons (/Users/my/YYC-smart-office/node_modules/next/dist/compiled/next-server/app-page.runtime.prod.js:13:12701)
    at /Users/my/YYC-smart-office/node_modules/next/dist/compiled/next-server/app-page.runtime.prod.js:13:12823 {
  digest: '1983617549'
}
TypeError: Cannot read properties of undefined (reading 'toString')
    at eE (/Users/my/YYC-smart-office/node_modules/next/dist/compiled/next-server/app-page.runtime.prod.js:12:218599)
    at eT (/Users/my/YYC-smart-office/node_modules/next/dist/compiled/next-server/app-page.runtime.prod.js:12:218715)
    at /Users/my/YYC-smart-office/node_modules/next/dist/compiled/next-server/app-page.runtime.prod.js:13:12708
    at Array.map (<anonymous>)
    at eb.icons (/Users/my/YYC-smart-office/node_modules/next/dist/compiled/next-server/app-page.runtime.prod.js:13:12701)
    at /Users/my/YYC-smart-office/node_modules/next/dist/compiled/next-server/app-page.runtime.prod.js:13:12823 {
  digest: '1983617549'
}
TypeError: Cannot read properties of undefined (reading 'toString')
    at eE (/Users/my/YYC-smart-office/node_modules/next/dist/compiled/next-server/app-page.runtime.prod.js:12:218599)
    at eT (/Users/my/YYC-smart-office/node_modules/next/dist/compiled/next-server/app-page.runtime.prod.js:12:218715)
    at /Users/my/YYC-smart-office/node_modules/next/dist/compiled/next-server/app-page.runtime.prod.js:13:12708
    at Array.map (<anonymous>)
    at eb.icons (/Users/my/YYC-smart-office/node_modules/next/dist/compiled/next-server/app-page.runtime.prod.js:13:12701)
    at /Users/my/YYC-smart-office/node_modules/next/dist/compiled/next-server/app-page.runtime.prod.js:13:12823 {
  digest: '1983617549'
}
TypeError: Cannot read properties of undefined (reading 'toString')
    at eE (/Users/my/YYC-smart-office/node_modules/next/dist/compiled/next-server/app-page.runtime.prod.js:12:218599)
    at eT (/Users/my/YYC-smart-office/node_modules/next/dist/compiled/next-server/app-page.runtime.prod.js:12:218715)
    at /Users/my/YYC-smart-office/node_modules/next/dist/compiled/next-server/app-page.runtime.prod.js:13:12708
    at Array.map (<anonymous>)
    at eb.icons (/Users/my/YYC-smart-office/node_modules/next/dist/compiled/next-server/app-page.runtime.prod.js:13:12701)
    at /Users/my/YYC-smart-office/node_modules/next/dist/compiled/next-server/app-page.runtime.prod.js:13:12823 {
  digest: '1983617549'
}
[Error: An error occurred in the Server Components render. The specific message is omitted in production builds to avoid leaking sensitive details. A digest property is included on this error instance which may provide additional details about the nature of the error.] {
  digest: '1983617549'
}

Error occurred prerendering page "/chat". Read more: https://nextjs.org/docs/messages/prerender-error

Error: An error occurred in the Server Components render. The specific message is omitted in production builds to avoid leaking sensitive details. A digest property is included on this error instance which may provide additional details about the nature of the error.
TypeError: Cannot read properties of undefined (reading 'toString')
    at eE (/Users/my/YYC-smart-office/node_modules/next/dist/compiled/next-server/app-page.runtime.prod.js:12:218599)
    at eT (/Users/my/YYC-smart-office/node_modules/next/dist/compiled/next-server/app-page.runtime.prod.js:12:218715)
    at /Users/my/YYC-smart-office/node_modules/next/dist/compiled/next-server/app-page.runtime.prod.js:13:12708
    at Array.map (<anonymous>)
    at eb.icons (/Users/my/YYC-smart-office/node_modules/next/dist/compiled/next-server/app-page.runtime.prod.js:13:12701)
    at /Users/my/YYC-smart-office/node_modules/next/dist/compiled/next-server/app-page.runtime.prod.js:13:12823 {
  digest: '1983617549'
}
TypeError: Cannot read properties of undefined (reading 'toString')
    at eE (/Users/my/YYC-smart-office/node_modules/next/dist/compiled/next-server/app-page.runtime.prod.js:12:218599)
    at eT (/Users/my/YYC-smart-office/node_modules/next/dist/compiled/next-server/app-page.runtime.prod.js:12:218715)
    at /Users/my/YYC-smart-office/node_modules/next/dist/compiled/next-server/app-page.runtime.prod.js:13:12708
    at Array.map (<anonymous>)
    at eb.icons (/Users/my/YYC-smart-office/node_modules/next/dist/compiled/next-server/app-page.runtime.prod.js:13:12701)
    at /Users/my/YYC-smart-office/node_modules/next/dist/compiled/next-server/app-page.runtime.prod.js:13:12823
    at runNextTicks (node:internal/process/task_queues:65:5)
    at listOnTimeout (node:internal/timers:569:9)
    at process.processTimers (node:internal/timers:543:7) {
  digest: '2453340271'
}
TypeError: Cannot read properties of undefined (reading 'toString')
    at eE (/Users/my/YYC-smart-office/node_modules/next/dist/compiled/next-server/app-page.runtime.prod.js:12:218599)
    at eT (/Users/my/YYC-smart-office/node_modules/next/dist/compiled/next-server/app-page.runtime.prod.js:12:218715)
    at /Users/my/YYC-smart-office/node_modules/next/dist/compiled/next-server/app-page.runtime.prod.js:13:12708
    at Array.map (<anonymous>)
    at eb.icons (/Users/my/YYC-smart-office/node_modules/next/dist/compiled/next-server/app-page.runtime.prod.js:13:12701)
    at /Users/my/YYC-smart-office/node_modules/next/dist/compiled/next-server/app-page.runtime.prod.js:13:12823
    at runNextTicks (node:internal/process/task_queues:65:5)
    at listOnTimeout (node:internal/timers:569:9)
    at process.processTimers (node:internal/timers:543:7) {
  digest: '2453340271'
}
TypeError: Cannot read properties of undefined (reading 'toString')
    at eE (/Users/my/YYC-smart-office/node_modules/next/dist/compiled/next-server/app-page.runtime.prod.js:12:218599)
    at eT (/Users/my/YYC-smart-office/node_modules/next/dist/compiled/next-server/app-page.runtime.prod.js:12:218715)
    at /Users/my/YYC-smart-office/node_modules/next/dist/compiled/next-server/app-page.runtime.prod.js:13:12708
    at Array.map (<anonymous>)
    at eb.icons (/Users/my/YYC-smart-office/node_modules/next/dist/compiled/next-server/app-page.runtime.prod.js:13:12701)
    at /Users/my/YYC-smart-office/node_modules/next/dist/compiled/next-server/app-page.runtime.prod.js:13:12823 {
  digest: '1983617549'
}
[Error: An error occurred in the Server Components render. The specific message is omitted in production builds to avoid leaking sensitive details. A digest property is included on this error instance which may provide additional details about the nature of the error.] {
  digest: '1983617549'
}

Error occurred prerendering page "/customer-followup". Read more: https://nextjs.org/docs/messages/prerender-error

Error: An error occurred in the Server Components render. The specific message is omitted in production builds to avoid leaking sensitive details. A digest property is included on this error instance which may provide additional details about the nature of the error.
TypeError: Cannot read properties of undefined (reading 'toString')
    at eE (/Users/my/YYC-smart-office/node_modules/next/dist/compiled/next-server/app-page.runtime.prod.js:12:218599)
    at eT (/Users/my/YYC-smart-office/node_modules/next/dist/compiled/next-server/app-page.runtime.prod.js:12:218715)
    at /Users/my/YYC-smart-office/node_modules/next/dist/compiled/next-server/app-page.runtime.prod.js:13:12708
    at Array.map (<anonymous>)
    at eb.icons (/Users/my/YYC-smart-office/node_modules/next/dist/compiled/next-server/app-page.runtime.prod.js:13:12701)
    at /Users/my/YYC-smart-office/node_modules/next/dist/compiled/next-server/app-page.runtime.prod.js:13:12823
    at runNextTicks (node:internal/process/task_queues:65:5)
    at listOnTimeout (node:internal/timers:569:9)
    at process.processTimers (node:internal/timers:543:7) {
  digest: '2453340271'
}
TypeError: Cannot read properties of undefined (reading 'toString')
    at eE (/Users/my/YYC-smart-office/node_modules/next/dist/compiled/next-server/app-page.runtime.prod.js:12:218599)
    at eT (/Users/my/YYC-smart-office/node_modules/next/dist/compiled/next-server/app-page.runtime.prod.js:12:218715)
    at /Users/my/YYC-smart-office/node_modules/next/dist/compiled/next-server/app-page.runtime.prod.js:13:12708
    at Array.map (<anonymous>)
    at eb.icons (/Users/my/YYC-smart-office/node_modules/next/dist/compiled/next-server/app-page.runtime.prod.js:13:12701)
    at /Users/my/YYC-smart-office/node_modules/next/dist/compiled/next-server/app-page.runtime.prod.js:13:12823 {
  digest: '1983617549'
}
TypeError: Cannot read properties of undefined (reading 'toString')
    at eE (/Users/my/YYC-smart-office/node_modules/next/dist/compiled/next-server/app-page.runtime.prod.js:12:218599)
    at eT (/Users/my/YYC-smart-office/node_modules/next/dist/compiled/next-server/app-page.runtime.prod.js:12:218715)
    at /Users/my/YYC-smart-office/node_modules/next/dist/compiled/next-server/app-page.runtime.prod.js:13:12708
    at Array.map (<anonymous>)
    at eb.icons (/Users/my/YYC-smart-office/node_modules/next/dist/compiled/next-server/app-page.runtime.prod.js:13:12701)
    at /Users/my/YYC-smart-office/node_modules/next/dist/compiled/next-server/app-page.runtime.prod.js:13:12823 {
  digest: '1983617549'
}
TypeError: Cannot read properties of undefined (reading 'toString')
    at eE (/Users/my/YYC-smart-office/node_modules/next/dist/compiled/next-server/app-page.runtime.prod.js:12:218599)
    at eT (/Users/my/YYC-smart-office/node_modules/next/dist/compiled/next-server/app-page.runtime.prod.js:12:218715)
    at /Users/my/YYC-smart-office/node_modules/next/dist/compiled/next-server/app-page.runtime.prod.js:13:12708
    at Array.map (<anonymous>)
    at eb.icons (/Users/my/YYC-smart-office/node_modules/next/dist/compiled/next-server/app-page.runtime.prod.js:13:12701)
    at /Users/my/YYC-smart-office/node_modules/next/dist/compiled/next-server/app-page.runtime.prod.js:13:12823 {
  digest: '1983617549'
}
[Error: An error occurred in the Server Components render. The specific message is omitted in production builds to avoid leaking sensitive details. A digest property is included on this error instance which may provide additional details about the nature of the error.] {
  digest: '1983617549'
}

Error occurred prerendering page "/ai-assistant". Read more: https://nextjs.org/docs/messages/prerender-error

Error: An error occurred in the Server Components render. The specific message is omitted in production builds to avoid leaking sensitive details. A digest property is included on this error instance which may provide additional details about the nature of the error.
TypeError: Cannot read properties of undefined (reading 'toString')
    at eE (/Users/my/YYC-smart-office/node_modules/next/dist/compiled/next-server/app-page.runtime.prod.js:12:218599)
    at eT (/Users/my/YYC-smart-office/node_modules/next/dist/compiled/next-server/app-page.runtime.prod.js:12:218715)
    at /Users/my/YYC-smart-office/node_modules/next/dist/compiled/next-server/app-page.runtime.prod.js:13:12708
    at Array.map (<anonymous>)
    at eb.icons (/Users/my/YYC-smart-office/node_modules/next/dist/compiled/next-server/app-page.runtime.prod.js:13:12701)
    at /Users/my/YYC-smart-office/node_modules/next/dist/compiled/next-server/app-page.runtime.prod.js:13:12823 {
  digest: '1983617549'
}
TypeError: Cannot read properties of undefined (reading 'toString')
    at eE (/Users/my/YYC-smart-office/node_modules/next/dist/compiled/next-server/app-page.runtime.prod.js:12:218599)
    at eT (/Users/my/YYC-smart-office/node_modules/next/dist/compiled/next-server/app-page.runtime.prod.js:12:218715)
    at /Users/my/YYC-smart-office/node_modules/next/dist/compiled/next-server/app-page.runtime.prod.js:13:12708
    at Array.map (<anonymous>)
    at eb.icons (/Users/my/YYC-smart-office/node_modules/next/dist/compiled/next-server/app-page.runtime.prod.js:13:12701)
    at /Users/my/YYC-smart-office/node_modules/next/dist/compiled/next-server/app-page.runtime.prod.js:13:12823 {
  digest: '1983617549'
}
TypeError: Cannot read properties of undefined (reading 'toString')
    at eE (/Users/my/YYC-smart-office/node_modules/next/dist/compiled/next-server/app-page.runtime.prod.js:12:218599)
    at eT (/Users/my/YYC-smart-office/node_modules/next/dist/compiled/next-server/app-page.runtime.prod.js:12:218715)
    at /Users/my/YYC-smart-office/node_modules/next/dist/compiled/next-server/app-page.runtime.prod.js:13:12708
    at Array.map (<anonymous>)
    at eb.icons (/Users/my/YYC-smart-office/node_modules/next/dist/compiled/next-server/app-page.runtime.prod.js:13:12701)
    at /Users/my/YYC-smart-office/node_modules/next/dist/compiled/next-server/app-page.runtime.prod.js:13:12823 {
  digest: '1983617549'
}
TypeError: Cannot read properties of undefined (reading 'toString')
    at eE (/Users/my/YYC-smart-office/node_modules/next/dist/compiled/next-server/app-page.runtime.prod.js:12:218599)
    at eT (/Users/my/YYC-smart-office/node_modules/next/dist/compiled/next-server/app-page.runtime.prod.js:12:218715)
    at /Users/my/YYC-smart-office/node_modules/next/dist/compiled/next-server/app-page.runtime.prod.js:13:12708
    at Array.map (<anonymous>)
    at eb.icons (/Users/my/YYC-smart-office/node_modules/next/dist/compiled/next-server/app-page.runtime.prod.js:13:12701)
    at /Users/my/YYC-smart-office/node_modules/next/dist/compiled/next-server/app-page.runtime.prod.js:13:12823 {
  digest: '1983617549'
}
[Error: An error occurred in the Server Components render. The specific message is omitted in production builds to avoid leaking sensitive details. A digest property is included on this error instance which may provide additional details about the nature of the error.] {
  digest: '1983617549'
}

Error occurred prerendering page "/ai-maintenance". Read more: https://nextjs.org/docs/messages/prerender-error

Error: An error occurred in the Server Components render. The specific message is omitted in production builds to avoid leaking sensitive details. A digest property is included on this error instance which may provide additional details about the nature of the error.
TypeError: Cannot read properties of undefined (reading 'toString')
    at eE (/Users/my/YYC-smart-office/node_modules/next/dist/compiled/next-server/app-page.runtime.prod.js:12:218599)
    at eT (/Users/my/YYC-smart-office/node_modules/next/dist/compiled/next-server/app-page.runtime.prod.js:12:218715)
    at /Users/my/YYC-smart-office/node_modules/next/dist/compiled/next-server/app-page.runtime.prod.js:13:12708
    at Array.map (<anonymous>)
    at eb.icons (/Users/my/YYC-smart-office/node_modules/next/dist/compiled/next-server/app-page.runtime.prod.js:13:12701)
    at /Users/my/YYC-smart-office/node_modules/next/dist/compiled/next-server/app-page.runtime.prod.js:13:12823 {
  digest: '1983617549'
}
TypeError: Cannot read properties of undefined (reading 'toString')
    at eE (/Users/my/YYC-smart-office/node_modules/next/dist/compiled/next-server/app-page.runtime.prod.js:12:218599)
    at eT (/Users/my/YYC-smart-office/node_modules/next/dist/compiled/next-server/app-page.runtime.prod.js:12:218715)
    at /Users/my/YYC-smart-office/node_modules/next/dist/compiled/next-server/app-page.runtime.prod.js:13:12708
    at Array.map (<anonymous>)
    at eb.icons (/Users/my/YYC-smart-office/node_modules/next/dist/compiled/next-server/app-page.runtime.prod.js:13:12701)
    at /Users/my/YYC-smart-office/node_modules/next/dist/compiled/next-server/app-page.runtime.prod.js:13:12823 {
  digest: '1983617549'
}
TypeError: Cannot read properties of undefined (reading 'toString')
    at eE (/Users/my/YYC-smart-office/node_modules/next/dist/compiled/next-server/app-page.runtime.prod.js:12:218599)
    at eT (/Users/my/YYC-smart-office/node_modules/next/dist/compiled/next-server/app-page.runtime.prod.js:12:218715)
    at /Users/my/YYC-smart-office/node_modules/next/dist/compiled/next-server/app-page.runtime.prod.js:13:12708
    at Array.map (<anonymous>)
    at eb.icons (/Users/my/YYC-smart-office/node_modules/next/dist/compiled/next-server/app-page.runtime.prod.js:13:12701)
    at /Users/my/YYC-smart-office/node_modules/next/dist/compiled/next-server/app-page.runtime.prod.js:13:12823 {
  digest: '1983617549'
}
TypeError: Cannot read properties of undefined (reading 'toString')
    at eE (/Users/my/YYC-smart-office/node_modules/next/dist/compiled/next-server/app-page.runtime.prod.js:12:218599)
    at eT (/Users/my/YYC-smart-office/node_modules/next/dist/compiled/next-server/app-page.runtime.prod.js:12:218715)
    at /Users/my/YYC-smart-office/node_modules/next/dist/compiled/next-server/app-page.runtime.prod.js:13:12708
    at Array.map (<anonymous>)
    at eb.icons (/Users/my/YYC-smart-office/node_modules/next/dist/compiled/next-server/app-page.runtime.prod.js:13:12701)
    at /Users/my/YYC-smart-office/node_modules/next/dist/compiled/next-server/app-page.runtime.prod.js:13:12823 {
  digest: '1983617549'
}
[Error: An error occurred in the Server Components render. The specific message is omitted in production builds to avoid leaking sensitive details. A digest property is included on this error instance which may provide additional details about the nature of the error.] {
  digest: '1983617549'
}

Error occurred prerendering page "/design-tools". Read more: https://nextjs.org/docs/messages/prerender-error

Error: An error occurred in the Server Components render. The specific message is omitted in production builds to avoid leaking sensitive details. A digest property is included on this error instance which may provide additional details about the nature of the error.
TypeError: Cannot read properties of undefined (reading 'toString')
    at eE (/Users/my/YYC-smart-office/node_modules/next/dist/compiled/next-server/app-page.runtime.prod.js:12:218599)
    at eT (/Users/my/YYC-smart-office/node_modules/next/dist/compiled/next-server/app-page.runtime.prod.js:12:218715)
    at /Users/my/YYC-smart-office/node_modules/next/dist/compiled/next-server/app-page.runtime.prod.js:13:12708
    at Array.map (<anonymous>)
    at eb.icons (/Users/my/YYC-smart-office/node_modules/next/dist/compiled/next-server/app-page.runtime.prod.js:13:12701)
    at /Users/my/YYC-smart-office/node_modules/next/dist/compiled/next-server/app-page.runtime.prod.js:13:12823 {
  digest: '1983617549'
}
TypeError: Cannot read properties of undefined (reading 'toString')
    at eE (/Users/my/YYC-smart-office/node_modules/next/dist/compiled/next-server/app-page.runtime.prod.js:12:218599)
    at eT (/Users/my/YYC-smart-office/node_modules/next/dist/compiled/next-server/app-page.runtime.prod.js:12:218715)
    at /Users/my/YYC-smart-office/node_modules/next/dist/compiled/next-server/app-page.runtime.prod.js:13:12708
    at Array.map (<anonymous>)
    at eb.icons (/Users/my/YYC-smart-office/node_modules/next/dist/compiled/next-server/app-page.runtime.prod.js:13:12701)
    at /Users/my/YYC-smart-office/node_modules/next/dist/compiled/next-server/app-page.runtime.prod.js:13:12823 {
  digest: '1983617549'
}
TypeError: Cannot read properties of undefined (reading 'toString')
    at eE (/Users/my/YYC-smart-office/node_modules/next/dist/compiled/next-server/app-page.runtime.prod.js:12:218599)
    at eT (/Users/my/YYC-smart-office/node_modules/next/dist/compiled/next-server/app-page.runtime.prod.js:12:218715)
    at /Users/my/YYC-smart-office/node_modules/next/dist/compiled/next-server/app-page.runtime.prod.js:13:12708
    at Array.map (<anonymous>)
    at eb.icons (/Users/my/YYC-smart-office/node_modules/next/dist/compiled/next-server/app-page.runtime.prod.js:13:12701)
    at /Users/my/YYC-smart-office/node_modules/next/dist/compiled/next-server/app-page.runtime.prod.js:13:12823 {
  digest: '1983617549'
}
TypeError: Cannot read properties of undefined (reading 'toString')
    at eE (/Users/my/YYC-smart-office/node_modules/next/dist/compiled/next-server/app-page.runtime.prod.js:12:218599)
    at eT (/Users/my/YYC-smart-office/node_modules/next/dist/compiled/next-server/app-page.runtime.prod.js:12:218715)
    at /Users/my/YYC-smart-office/node_modules/next/dist/compiled/next-server/app-page.runtime.prod.js:13:12708
    at Array.map (<anonymous>)
    at eb.icons (/Users/my/YYC-smart-office/node_modules/next/dist/compiled/next-server/app-page.runtime.prod.js:13:12701)
    at /Users/my/YYC-smart-office/node_modules/next/dist/compiled/next-server/app-page.runtime.prod.js:13:12823 {
  digest: '1983617549'
}
[Error: An error occurred in the Server Components render. The specific message is omitted in production builds to avoid leaking sensitive details. A digest property is included on this error instance which may provide additional details about the nature of the error.] {
  digest: '1983617549'
}

Error occurred prerendering page "/diagnostics-test". Read more: https://nextjs.org/docs/messages/prerender-error

Error: An error occurred in the Server Components render. The specific message is omitted in production builds to avoid leaking sensitive details. A digest property is included on this error instance which may provide additional details about the nature of the error.
   Generating static pages (9/38) 
TypeError: Cannot read properties of undefined (reading 'toString')
    at eE (/Users/my/YYC-smart-office/node_modules/next/dist/compiled/next-server/app-page.runtime.prod.js:12:218599)
    at eT (/Users/my/YYC-smart-office/node_modules/next/dist/compiled/next-server/app-page.runtime.prod.js:12:218715)
    at /Users/my/YYC-smart-office/node_modules/next/dist/compiled/next-server/app-page.runtime.prod.js:13:12708
    at Array.map (<anonymous>)
    at eb.icons (/Users/my/YYC-smart-office/node_modules/next/dist/compiled/next-server/app-page.runtime.prod.js:13:12701)
    at /Users/my/YYC-smart-office/node_modules/next/dist/compiled/next-server/app-page.runtime.prod.js:13:12823 {
  digest: '1983617549'
}
TypeError: Cannot read properties of undefined (reading 'toString')
    at eE (/Users/my/YYC-smart-office/node_modules/next/dist/compiled/next-server/app-page.runtime.prod.js:12:218599)
    at eT (/Users/my/YYC-smart-office/node_modules/next/dist/compiled/next-server/app-page.runtime.prod.js:12:218715)
    at /Users/my/YYC-smart-office/node_modules/next/dist/compiled/next-server/app-page.runtime.prod.js:13:12708
    at Array.map (<anonymous>)
    at eb.icons (/Users/my/YYC-smart-office/node_modules/next/dist/compiled/next-server/app-page.runtime.prod.js:13:12701)
    at /Users/my/YYC-smart-office/node_modules/next/dist/compiled/next-server/app-page.runtime.prod.js:13:12823 {
  digest: '1983617549'
}
TypeError: Cannot read properties of undefined (reading 'toString')
    at eE (/Users/my/YYC-smart-office/node_modules/next/dist/compiled/next-server/app-page.runtime.prod.js:12:218599)
    at eT (/Users/my/YYC-smart-office/node_modules/next/dist/compiled/next-server/app-page.runtime.prod.js:12:218715)
    at /Users/my/YYC-smart-office/node_modules/next/dist/compiled/next-server/app-page.runtime.prod.js:13:12708
    at Array.map (<anonymous>)
    at eb.icons (/Users/my/YYC-smart-office/node_modules/next/dist/compiled/next-server/app-page.runtime.prod.js:13:12701)
    at /Users/my/YYC-smart-office/node_modules/next/dist/compiled/next-server/app-page.runtime.prod.js:13:12823 {
  digest: '1983617549'
}
TypeError: Cannot read properties of undefined (reading 'toString')
    at eE (/Users/my/YYC-smart-office/node_modules/next/dist/compiled/next-server/app-page.runtime.prod.js:12:218599)
    at eT (/Users/my/YYC-smart-office/node_modules/next/dist/compiled/next-server/app-page.runtime.prod.js:12:218715)
    at /Users/my/YYC-smart-office/node_modules/next/dist/compiled/next-server/app-page.runtime.prod.js:13:12708
    at Array.map (<anonymous>)
    at eb.icons (/Users/my/YYC-smart-office/node_modules/next/dist/compiled/next-server/app-page.runtime.prod.js:13:12701)
    at /Users/my/YYC-smart-office/node_modules/next/dist/compiled/next-server/app-page.runtime.prod.js:13:12823
    at runNextTicks (node:internal/process/task_queues:65:5)
    at listOnTimeout (node:internal/timers:569:9)
    at process.processTimers (node:internal/timers:543:7) {
  digest: '2453340271'
}
TypeError: Cannot read properties of undefined (reading 'toString')
    at eE (/Users/my/YYC-smart-office/node_modules/next/dist/compiled/next-server/app-page.runtime.prod.js:12:218599)
    at eT (/Users/my/YYC-smart-office/node_modules/next/dist/compiled/next-server/app-page.runtime.prod.js:12:218715)
    at /Users/my/YYC-smart-office/node_modules/next/dist/compiled/next-server/app-page.runtime.prod.js:13:12708
    at Array.map (<anonymous>)
    at eb.icons (/Users/my/YYC-smart-office/node_modules/next/dist/compiled/next-server/app-page.runtime.prod.js:13:12701)
    at /Users/my/YYC-smart-office/node_modules/next/dist/compiled/next-server/app-page.runtime.prod.js:13:12823 {
  digest: '1983617549'
}
TypeError: Cannot read properties of undefined (reading 'toString')
    at eE (/Users/my/YYC-smart-office/node_modules/next/dist/compiled/next-server/app-page.runtime.prod.js:12:218599)
    at eT (/Users/my/YYC-smart-office/node_modules/next/dist/compiled/next-server/app-page.runtime.prod.js:12:218715)
    at /Users/my/YYC-smart-office/node_modules/next/dist/compiled/next-server/app-page.runtime.prod.js:13:12708
    at Array.map (<anonymous>)
    at eb.icons (/Users/my/YYC-smart-office/node_modules/next/dist/compiled/next-server/app-page.runtime.prod.js:13:12701)
    at /Users/my/YYC-smart-office/node_modules/next/dist/compiled/next-server/app-page.runtime.prod.js:13:12823 {
  digest: '1983617549'
}
TypeError: Cannot read properties of undefined (reading 'toString')
    at eE (/Users/my/YYC-smart-office/node_modules/next/dist/compiled/next-server/app-page.runtime.prod.js:12:218599)
    at eT (/Users/my/YYC-smart-office/node_modules/next/dist/compiled/next-server/app-page.runtime.prod.js:12:218715)
    at /Users/my/YYC-smart-office/node_modules/next/dist/compiled/next-server/app-page.runtime.prod.js:13:12708
    at Array.map (<anonymous>)
    at eb.icons (/Users/my/YYC-smart-office/node_modules/next/dist/compiled/next-server/app-page.runtime.prod.js:13:12701)
    at /Users/my/YYC-smart-office/node_modules/next/dist/compiled/next-server/app-page.runtime.prod.js:13:12823
    at runNextTicks (node:internal/process/task_queues:65:5)
    at listOnTimeout (node:internal/timers:569:9)
    at process.processTimers (node:internal/timers:543:7) {
  digest: '2453340271'
}
TypeError: Cannot read properties of undefined (reading 'toString')
    at eE (/Users/my/YYC-smart-office/node_modules/next/dist/compiled/next-server/app-page.runtime.prod.js:12:218599)
    at eT (/Users/my/YYC-smart-office/node_modules/next/dist/compiled/next-server/app-page.runtime.prod.js:12:218715)
    at /Users/my/YYC-smart-office/node_modules/next/dist/compiled/next-server/app-page.runtime.prod.js:13:12708
    at Array.map (<anonymous>)
    at eb.icons (/Users/my/YYC-smart-office/node_modules/next/dist/compiled/next-server/app-page.runtime.prod.js:13:12701)
    at /Users/my/YYC-smart-office/node_modules/next/dist/compiled/next-server/app-page.runtime.prod.js:13:12823 {
  digest: '1983617549'
}
TypeError: Cannot read properties of undefined (reading 'toString')
    at eE (/Users/my/YYC-smart-office/node_modules/next/dist/compiled/next-server/app-page.runtime.prod.js:12:218599)
    at eT (/Users/my/YYC-smart-office/node_modules/next/dist/compiled/next-server/app-page.runtime.prod.js:12:218715)
    at /Users/my/YYC-smart-office/node_modules/next/dist/compiled/next-server/app-page.runtime.prod.js:13:12708
    at Array.map (<anonymous>)
    at eb.icons (/Users/my/YYC-smart-office/node_modules/next/dist/compiled/next-server/app-page.runtime.prod.js:13:12701)
    at /Users/my/YYC-smart-office/node_modules/next/dist/compiled/next-server/app-page.runtime.prod.js:13:12823
    at runNextTicks (node:internal/process/task_queues:65:5)
    at listOnTimeout (node:internal/timers:569:9)
    at process.processTimers (node:internal/timers:543:7) {
  digest: '2453340271'
}
TypeError: Cannot read properties of undefined (reading 'toString')
    at eE (/Users/my/YYC-smart-office/node_modules/next/dist/compiled/next-server/app-page.runtime.prod.js:12:218599)
    at eT (/Users/my/YYC-smart-office/node_modules/next/dist/compiled/next-server/app-page.runtime.prod.js:12:218715)
    at /Users/my/YYC-smart-office/node_modules/next/dist/compiled/next-server/app-page.runtime.prod.js:13:12708
    at Array.map (<anonymous>)
    at eb.icons (/Users/my/YYC-smart-office/node_modules/next/dist/compiled/next-server/app-page.runtime.prod.js:13:12701)
    at /Users/my/YYC-smart-office/node_modules/next/dist/compiled/next-server/app-page.runtime.prod.js:13:12823 {
  digest: '1983617549'
}
TypeError: Cannot read properties of undefined (reading 'toString')
    at eE (/Users/my/YYC-smart-office/node_modules/next/dist/compiled/next-server/app-page.runtime.prod.js:12:218599)
    at eT (/Users/my/YYC-smart-office/node_modules/next/dist/compiled/next-server/app-page.runtime.prod.js:12:218715)
    at /Users/my/YYC-smart-office/node_modules/next/dist/compiled/next-server/app-page.runtime.prod.js:13:12708
    at Array.map (<anonymous>)
    at eb.icons (/Users/my/YYC-smart-office/node_modules/next/dist/compiled/next-server/app-page.runtime.prod.js:13:12701)
    at /Users/my/YYC-smart-office/node_modules/next/dist/compiled/next-server/app-page.runtime.prod.js:13:12823 {
  digest: '1983617549'
}
TypeError: Cannot read properties of undefined (reading 'toString')
    at eE (/Users/my/YYC-smart-office/node_modules/next/dist/compiled/next-server/app-page.runtime.prod.js:12:218599)
    at eT (/Users/my/YYC-smart-office/node_modules/next/dist/compiled/next-server/app-page.runtime.prod.js:12:218715)
    at /Users/my/YYC-smart-office/node_modules/next/dist/compiled/next-server/app-page.runtime.prod.js:13:12708
    at Array.map (<anonymous>)
    at eb.icons (/Users/my/YYC-smart-office/node_modules/next/dist/compiled/next-server/app-page.runtime.prod.js:13:12701)
    at /Users/my/YYC-smart-office/node_modules/next/dist/compiled/next-server/app-page.runtime.prod.js:13:12823 {
  digest: '1983617549'
}
TypeError: Cannot read properties of undefined (reading 'toString')
    at eE (/Users/my/YYC-smart-office/node_modules/next/dist/compiled/next-server/app-page.runtime.prod.js:12:218599)
    at eT (/Users/my/YYC-smart-office/node_modules/next/dist/compiled/next-server/app-page.runtime.prod.js:12:218715)
    at /Users/my/YYC-smart-office/node_modules/next/dist/compiled/next-server/app-page.runtime.prod.js:13:12708
    at Array.map (<anonymous>)
    at eb.icons (/Users/my/YYC-smart-office/node_modules/next/dist/compiled/next-server/app-page.runtime.prod.js:13:12701)
    at /Users/my/YYC-smart-office/node_modules/next/dist/compiled/next-server/app-page.runtime.prod.js:13:12823 {
  digest: '1983617549'
}
[Error: An error occurred in the Server Components render. The specific message is omitted in production builds to avoid leaking sensitive details. A digest property is included on this error instance which may provide additional details about the nature of the error.] {
  digest: '1983617549'
}

Error occurred prerendering page "/organization". Read more: https://nextjs.org/docs/messages/prerender-error

Error: An error occurred in the Server Components render. The specific message is omitted in production builds to avoid leaking sensitive details. A digest property is included on this error instance which may provide additional details about the nature of the error.
TypeError: Cannot read properties of undefined (reading 'toString')
    at eE (/Users/my/YYC-smart-office/node_modules/next/dist/compiled/next-server/app-page.runtime.prod.js:12:218599)
    at eT (/Users/my/YYC-smart-office/node_modules/next/dist/compiled/next-server/app-page.runtime.prod.js:12:218715)
    at /Users/my/YYC-smart-office/node_modules/next/dist/compiled/next-server/app-page.runtime.prod.js:13:12708
    at Array.map (<anonymous>)
    at eb.icons (/Users/my/YYC-smart-office/node_modules/next/dist/compiled/next-server/app-page.runtime.prod.js:13:12701)
    at /Users/my/YYC-smart-office/node_modules/next/dist/compiled/next-server/app-page.runtime.prod.js:13:12823 {
  digest: '1983617549'
}
TypeError: Cannot read properties of undefined (reading 'toString')
    at eE (/Users/my/YYC-smart-office/node_modules/next/dist/compiled/next-server/app-page.runtime.prod.js:12:218599)
    at eT (/Users/my/YYC-smart-office/node_modules/next/dist/compiled/next-server/app-page.runtime.prod.js:12:218715)
    at /Users/my/YYC-smart-office/node_modules/next/dist/compiled/next-server/app-page.runtime.prod.js:13:12708
    at Array.map (<anonymous>)
    at eb.icons (/Users/my/YYC-smart-office/node_modules/next/dist/compiled/next-server/app-page.runtime.prod.js:13:12701)
    at /Users/my/YYC-smart-office/node_modules/next/dist/compiled/next-server/app-page.runtime.prod.js:13:12823 {
  digest: '1983617549'
}
[Error: An error occurred in the Server Components render. The specific message is omitted in production builds to avoid leaking sensitive details. A digest property is included on this error instance which may provide additional details about the nature of the error.] {
  digest: '1983617549'
}

Error occurred prerendering page "/message-center". Read more: https://nextjs.org/docs/messages/prerender-error

Error: An error occurred in the Server Components render. The specific message is omitted in production builds to avoid leaking sensitive details. A digest property is included on this error instance which may provide additional details about the nature of the error.
TypeError: Cannot read properties of undefined (reading 'toString')
    at eE (/Users/my/YYC-smart-office/node_modules/next/dist/compiled/next-server/app-page.runtime.prod.js:12:218599)
    at eT (/Users/my/YYC-smart-office/node_modules/next/dist/compiled/next-server/app-page.runtime.prod.js:12:218715)
    at /Users/my/YYC-smart-office/node_modules/next/dist/compiled/next-server/app-page.runtime.prod.js:13:12708
    at Array.map (<anonymous>)
    at eb.icons (/Users/my/YYC-smart-office/node_modules/next/dist/compiled/next-server/app-page.runtime.prod.js:13:12701)
    at /Users/my/YYC-smart-office/node_modules/next/dist/compiled/next-server/app-page.runtime.prod.js:13:12823 {
  digest: '1983617549'
}
[Error: An error occurred in the Server Components render. The specific message is omitted in production builds to avoid leaking sensitive details. A digest property is included on this error instance which may provide additional details about the nature of the error.] {
  digest: '1983617549'
}

Error occurred prerendering page "/_not-found". Read more: https://nextjs.org/docs/messages/prerender-error

Error: An error occurred in the Server Components render. The specific message is omitted in production builds to avoid leaking sensitive details. A digest property is included on this error instance which may provide additional details about the nature of the error.
TypeError: Cannot read properties of undefined (reading 'toString')
    at eE (/Users/my/YYC-smart-office/node_modules/next/dist/compiled/next-server/app-page.runtime.prod.js:12:218599)
    at eT (/Users/my/YYC-smart-office/node_modules/next/dist/compiled/next-server/app-page.runtime.prod.js:12:218715)
    at /Users/my/YYC-smart-office/node_modules/next/dist/compiled/next-server/app-page.runtime.prod.js:13:12708
    at Array.map (<anonymous>)
    at eb.icons (/Users/my/YYC-smart-office/node_modules/next/dist/compiled/next-server/app-page.runtime.prod.js:13:12701)
    at /Users/my/YYC-smart-office/node_modules/next/dist/compiled/next-server/app-page.runtime.prod.js:13:12823 {
  digest: '1983617549'
}
TypeError: Cannot read properties of undefined (reading 'toString')
    at eE (/Users/my/YYC-smart-office/node_modules/next/dist/compiled/next-server/app-page.runtime.prod.js:12:218599)
    at eT (/Users/my/YYC-smart-office/node_modules/next/dist/compiled/next-server/app-page.runtime.prod.js:12:218715)
    at /Users/my/YYC-smart-office/node_modules/next/dist/compiled/next-server/app-page.runtime.prod.js:13:12708
    at Array.map (<anonymous>)
    at eb.icons (/Users/my/YYC-smart-office/node_modules/next/dist/compiled/next-server/app-page.runtime.prod.js:13:12701)
    at /Users/my/YYC-smart-office/node_modules/next/dist/compiled/next-server/app-page.runtime.prod.js:13:12823
    at runNextTicks (node:internal/process/task_queues:65:5)
    at listOnTimeout (node:internal/timers:569:9)
    at process.processTimers (node:internal/timers:543:7) {
  digest: '2453340271'
}
TypeError: Cannot read properties of undefined (reading 'toString')
    at eE (/Users/my/YYC-smart-office/node_modules/next/dist/compiled/next-server/app-page.runtime.prod.js:12:218599)
    at eT (/Users/my/YYC-smart-office/node_modules/next/dist/compiled/next-server/app-page.runtime.prod.js:12:218715)
    at /Users/my/YYC-smart-office/node_modules/next/dist/compiled/next-server/app-page.runtime.prod.js:13:12708
    at Array.map (<anonymous>)
    at eb.icons (/Users/my/YYC-smart-office/node_modules/next/dist/compiled/next-server/app-page.runtime.prod.js:13:12701)
    at /Users/my/YYC-smart-office/node_modules/next/dist/compiled/next-server/app-page.runtime.prod.js:13:12823
    at runNextTicks (node:internal/process/task_queues:65:5)
    at listOnTimeout (node:internal/timers:569:9)
    at process.processTimers (node:internal/timers:543:7) {
  digest: '2453340271'
}
TypeError: Cannot read properties of undefined (reading 'toString')
    at eE (/Users/my/YYC-smart-office/node_modules/next/dist/compiled/next-server/app-page.runtime.prod.js:12:218599)
    at eT (/Users/my/YYC-smart-office/node_modules/next/dist/compiled/next-server/app-page.runtime.prod.js:12:218715)
    at /Users/my/YYC-smart-office/node_modules/next/dist/compiled/next-server/app-page.runtime.prod.js:13:12708
    at Array.map (<anonymous>)
    at eb.icons (/Users/my/YYC-smart-office/node_modules/next/dist/compiled/next-server/app-page.runtime.prod.js:13:12701)
    at /Users/my/YYC-smart-office/node_modules/next/dist/compiled/next-server/app-page.runtime.prod.js:13:12823 {
  digest: '1983617549'
}
[Error: An error occurred in the Server Components render. The specific message is omitted in production builds to avoid leaking sensitive details. A digest property is included on this error instance which may provide additional details about the nature of the error.] {
  digest: '1983617549'
}

Error occurred prerendering page "/inventory". Read more: https://nextjs.org/docs/messages/prerender-error

Error: An error occurred in the Server Components render. The specific message is omitted in production builds to avoid leaking sensitive details. A digest property is included on this error instance which may provide additional details about the nature of the error.
TypeError: Cannot read properties of undefined (reading 'toString')
    at eE (/Users/my/YYC-smart-office/node_modules/next/dist/compiled/next-server/app-page.runtime.prod.js:12:218599)
    at eT (/Users/my/YYC-smart-office/node_modules/next/dist/compiled/next-server/app-page.runtime.prod.js:12:218715)
    at /Users/my/YYC-smart-office/node_modules/next/dist/compiled/next-server/app-page.runtime.prod.js:13:12708
    at Array.map (<anonymous>)
    at eb.icons (/Users/my/YYC-smart-office/node_modules/next/dist/compiled/next-server/app-page.runtime.prod.js:13:12701)
    at /Users/my/YYC-smart-office/node_modules/next/dist/compiled/next-server/app-page.runtime.prod.js:13:12823
    at runNextTicks (node:internal/process/task_queues:65:5)
    at listOnTimeout (node:internal/timers:569:9)
    at process.processTimers (node:internal/timers:543:7) {
  digest: '2453340271'
}
TypeError: Cannot read properties of undefined (reading 'toString')
    at eE (/Users/my/YYC-smart-office/node_modules/next/dist/compiled/next-server/app-page.runtime.prod.js:12:218599)
    at eT (/Users/my/YYC-smart-office/node_modules/next/dist/compiled/next-server/app-page.runtime.prod.js:12:218715)
    at /Users/my/YYC-smart-office/node_modules/next/dist/compiled/next-server/app-page.runtime.prod.js:13:12708
    at Array.map (<anonymous>)
    at eb.icons (/Users/my/YYC-smart-office/node_modules/next/dist/compiled/next-server/app-page.runtime.prod.js:13:12701)
    at /Users/my/YYC-smart-office/node_modules/next/dist/compiled/next-server/app-page.runtime.prod.js:13:12823 {
  digest: '1983617549'
}
TypeError: Cannot read properties of undefined (reading 'toString')
    at eE (/Users/my/YYC-smart-office/node_modules/next/dist/compiled/next-server/app-page.runtime.prod.js:12:218599)
    at eT (/Users/my/YYC-smart-office/node_modules/next/dist/compiled/next-server/app-page.runtime.prod.js:12:218715)
    at /Users/my/YYC-smart-office/node_modules/next/dist/compiled/next-server/app-page.runtime.prod.js:13:12708
    at Array.map (<anonymous>)
    at eb.icons (/Users/my/YYC-smart-office/node_modules/next/dist/compiled/next-server/app-page.runtime.prod.js:13:12701)
    at /Users/my/YYC-smart-office/node_modules/next/dist/compiled/next-server/app-page.runtime.prod.js:13:12823 {
  digest: '1983617549'
}
TypeError: Cannot read properties of undefined (reading 'toString')
    at eE (/Users/my/YYC-smart-office/node_modules/next/dist/compiled/next-server/app-page.runtime.prod.js:12:218599)
    at eT (/Users/my/YYC-smart-office/node_modules/next/dist/compiled/next-server/app-page.runtime.prod.js:12:218715)
    at /Users/my/YYC-smart-office/node_modules/next/dist/compiled/next-server/app-page.runtime.prod.js:13:12708
    at Array.map (<anonymous>)
    at eb.icons (/Users/my/YYC-smart-office/node_modules/next/dist/compiled/next-server/app-page.runtime.prod.js:13:12701)
    at /Users/my/YYC-smart-office/node_modules/next/dist/compiled/next-server/app-page.runtime.prod.js:13:12823 {
  digest: '1983617549'
}
TypeError: Cannot read properties of undefined (reading 'toString')
    at eE (/Users/my/YYC-smart-office/node_modules/next/dist/compiled/next-server/app-page.runtime.prod.js:12:218599)
    at eT (/Users/my/YYC-smart-office/node_modules/next/dist/compiled/next-server/app-page.runtime.prod.js:12:218715)
    at /Users/my/YYC-smart-office/node_modules/next/dist/compiled/next-server/app-page.runtime.prod.js:13:12708
    at Array.map (<anonymous>)
    at eb.icons (/Users/my/YYC-smart-office/node_modules/next/dist/compiled/next-server/app-page.runtime.prod.js:13:12701)
    at /Users/my/YYC-smart-office/node_modules/next/dist/compiled/next-server/app-page.runtime.prod.js:13:12823 {
  digest: '1983617549'
}
[Error: An error occurred in the Server Components render. The specific message is omitted in production builds to avoid leaking sensitive details. A digest property is included on this error instance which may provide additional details about the nature of the error.] {
  digest: '1983617549'
}

Error occurred prerendering page "/position-settings". Read more: https://nextjs.org/docs/messages/prerender-error

Error: An error occurred in the Server Components render. The specific message is omitted in production builds to avoid leaking sensitive details. A digest property is included on this error instance which may provide additional details about the nature of the error.
TypeError: Cannot read properties of undefined (reading 'toString')
    at eE (/Users/my/YYC-smart-office/node_modules/next/dist/compiled/next-server/app-page.runtime.prod.js:12:218599)
    at eT (/Users/my/YYC-smart-office/node_modules/next/dist/compiled/next-server/app-page.runtime.prod.js:12:218715)
    at /Users/my/YYC-smart-office/node_modules/next/dist/compiled/next-server/app-page.runtime.prod.js:13:12708
    at Array.map (<anonymous>)
    at eb.icons (/Users/my/YYC-smart-office/node_modules/next/dist/compiled/next-server/app-page.runtime.prod.js:13:12701)
    at /Users/my/YYC-smart-office/node_modules/next/dist/compiled/next-server/app-page.runtime.prod.js:13:12823 {
  digest: '1983617549'
}
TypeError: Cannot read properties of undefined (reading 'toString')
    at eE (/Users/my/YYC-smart-office/node_modules/next/dist/compiled/next-server/app-page.runtime.prod.js:12:218599)
    at eT (/Users/my/YYC-smart-office/node_modules/next/dist/compiled/next-server/app-page.runtime.prod.js:12:218715)
    at /Users/my/YYC-smart-office/node_modules/next/dist/compiled/next-server/app-page.runtime.prod.js:13:12708
    at Array.map (<anonymous>)
    at eb.icons (/Users/my/YYC-smart-office/node_modules/next/dist/compiled/next-server/app-page.runtime.prod.js:13:12701)
    at /Users/my/YYC-smart-office/node_modules/next/dist/compiled/next-server/app-page.runtime.prod.js:13:12823 {
  digest: '1983617549'
}
TypeError: Cannot read properties of undefined (reading 'toString')
    at eE (/Users/my/YYC-smart-office/node_modules/next/dist/compiled/next-server/app-page.runtime.prod.js:12:218599)
    at eT (/Users/my/YYC-smart-office/node_modules/next/dist/compiled/next-server/app-page.runtime.prod.js:12:218715)
    at /Users/my/YYC-smart-office/node_modules/next/dist/compiled/next-server/app-page.runtime.prod.js:13:12708
    at Array.map (<anonymous>)
    at eb.icons (/Users/my/YYC-smart-office/node_modules/next/dist/compiled/next-server/app-page.runtime.prod.js:13:12701)
    at /Users/my/YYC-smart-office/node_modules/next/dist/compiled/next-server/app-page.runtime.prod.js:13:12823 {
  digest: '1983617549'
}
[Error: An error occurred in the Server Components render. The specific message is omitted in production builds to avoid leaking sensitive details. A digest property is included on this error instance which may provide additional details about the nature of the error.] {
  digest: '1983617549'
}

Error occurred prerendering page "/documents". Read more: https://nextjs.org/docs/messages/prerender-error

Error: An error occurred in the Server Components render. The specific message is omitted in production builds to avoid leaking sensitive details. A digest property is included on this error instance which may provide additional details about the nature of the error.
TypeError: Cannot read properties of undefined (reading 'toString')
    at eE (/Users/my/YYC-smart-office/node_modules/next/dist/compiled/next-server/app-page.runtime.prod.js:12:218599)
    at eT (/Users/my/YYC-smart-office/node_modules/next/dist/compiled/next-server/app-page.runtime.prod.js:12:218715)
    at /Users/my/YYC-smart-office/node_modules/next/dist/compiled/next-server/app-page.runtime.prod.js:13:12708
    at Array.map (<anonymous>)
    at eb.icons (/Users/my/YYC-smart-office/node_modules/next/dist/compiled/next-server/app-page.runtime.prod.js:13:12701)
    at /Users/my/YYC-smart-office/node_modules/next/dist/compiled/next-server/app-page.runtime.prod.js:13:12823 {
  digest: '1983617549'
}
TypeError: Cannot read properties of undefined (reading 'toString')
    at eE (/Users/my/YYC-smart-office/node_modules/next/dist/compiled/next-server/app-page.runtime.prod.js:12:218599)
    at eT (/Users/my/YYC-smart-office/node_modules/next/dist/compiled/next-server/app-page.runtime.prod.js:12:218715)
    at /Users/my/YYC-smart-office/node_modules/next/dist/compiled/next-server/app-page.runtime.prod.js:13:12708
    at Array.map (<anonymous>)
    at eb.icons (/Users/my/YYC-smart-office/node_modules/next/dist/compiled/next-server/app-page.runtime.prod.js:13:12701)
    at /Users/my/YYC-smart-office/node_modules/next/dist/compiled/next-server/app-page.runtime.prod.js:13:12823 {
  digest: '1983617549'
}
TypeError: Cannot read properties of undefined (reading 'toString')
    at eE (/Users/my/YYC-smart-office/node_modules/next/dist/compiled/next-server/app-page.runtime.prod.js:12:218599)
    at eT (/Users/my/YYC-smart-office/node_modules/next/dist/compiled/next-server/app-page.runtime.prod.js:12:218715)
    at /Users/my/YYC-smart-office/node_modules/next/dist/compiled/next-server/app-page.runtime.prod.js:13:12708
    at Array.map (<anonymous>)
    at eb.icons (/Users/my/YYC-smart-office/node_modules/next/dist/compiled/next-server/app-page.runtime.prod.js:13:12701)
    at /Users/my/YYC-smart-office/node_modules/next/dist/compiled/next-server/app-page.runtime.prod.js:13:12823 {
  digest: '1983617549'
}
[Error: An error occurred in the Server Components render. The specific message is omitted in production builds to avoid leaking sensitive details. A digest property is included on this error instance which may provide additional details about the nature of the error.] {
  digest: '1983617549'
}

Error occurred prerendering page "/login". Read more: https://nextjs.org/docs/messages/prerender-error

Error: An error occurred in the Server Components render. The specific message is omitted in production builds to avoid leaking sensitive details. A digest property is included on this error instance which may provide additional details about the nature of the error.
TypeError: Cannot read properties of undefined (reading 'toString')
    at eE (/Users/my/YYC-smart-office/node_modules/next/dist/compiled/next-server/app-page.runtime.prod.js:12:218599)
    at eT (/Users/my/YYC-smart-office/node_modules/next/dist/compiled/next-server/app-page.runtime.prod.js:12:218715)
    at /Users/my/YYC-smart-office/node_modules/next/dist/compiled/next-server/app-page.runtime.prod.js:13:12708
    at Array.map (<anonymous>)
    at eb.icons (/Users/my/YYC-smart-office/node_modules/next/dist/compiled/next-server/app-page.runtime.prod.js:13:12701)
    at /Users/my/YYC-smart-office/node_modules/next/dist/compiled/next-server/app-page.runtime.prod.js:13:12823 {
  digest: '1983617549'
}
[Error: An error occurred in the Server Components render. The specific message is omitted in production builds to avoid leaking sensitive details. A digest property is included on this error instance which may provide additional details about the nature of the error.] {
  digest: '1983617549'
}

Error occurred prerendering page "/progress". Read more: https://nextjs.org/docs/messages/prerender-error

Error: An error occurred in the Server Components render. The specific message is omitted in production builds to avoid leaking sensitive details. A digest property is included on this error instance which may provide additional details about the nature of the error.
TypeError: Cannot read properties of undefined (reading 'toString')
    at eE (/Users/my/YYC-smart-office/node_modules/next/dist/compiled/next-server/app-page.runtime.prod.js:12:218599)
    at eT (/Users/my/YYC-smart-office/node_modules/next/dist/compiled/next-server/app-page.runtime.prod.js:12:218715)
    at /Users/my/YYC-smart-office/node_modules/next/dist/compiled/next-server/app-page.runtime.prod.js:13:12708
    at Array.map (<anonymous>)
    at eb.icons (/Users/my/YYC-smart-office/node_modules/next/dist/compiled/next-server/app-page.runtime.prod.js:13:12701)
    at /Users/my/YYC-smart-office/node_modules/next/dist/compiled/next-server/app-page.runtime.prod.js:13:12823 {
  digest: '1983617549'
}
TypeError: Cannot read properties of undefined (reading 'toString')
    at eE (/Users/my/YYC-smart-office/node_modules/next/dist/compiled/next-server/app-page.runtime.prod.js:12:218599)
    at eT (/Users/my/YYC-smart-office/node_modules/next/dist/compiled/next-server/app-page.runtime.prod.js:12:218715)
    at /Users/my/YYC-smart-office/node_modules/next/dist/compiled/next-server/app-page.runtime.prod.js:13:12708
    at Array.map (<anonymous>)
    at eb.icons (/Users/my/YYC-smart-office/node_modules/next/dist/compiled/next-server/app-page.runtime.prod.js:13:12701)
    at /Users/my/YYC-smart-office/node_modules/next/dist/compiled/next-server/app-page.runtime.prod.js:13:12823 {
  digest: '1983617549'
}
TypeError: Cannot read properties of undefined (reading 'toString')
    at eE (/Users/my/YYC-smart-office/node_modules/next/dist/compiled/next-server/app-page.runtime.prod.js:12:218599)
    at eT (/Users/my/YYC-smart-office/node_modules/next/dist/compiled/next-server/app-page.runtime.prod.js:12:218715)
    at /Users/my/YYC-smart-office/node_modules/next/dist/compiled/next-server/app-page.runtime.prod.js:13:12708
    at Array.map (<anonymous>)
    at eb.icons (/Users/my/YYC-smart-office/node_modules/next/dist/compiled/next-server/app-page.runtime.prod.js:13:12701)
    at /Users/my/YYC-smart-office/node_modules/next/dist/compiled/next-server/app-page.runtime.prod.js:13:12823 {
  digest: '1983617549'
}
TypeError: Cannot read properties of undefined (reading 'toString')
    at eE (/Users/my/YYC-smart-office/node_modules/next/dist/compiled/next-server/app-page.runtime.prod.js:12:218599)
    at eT (/Users/my/YYC-smart-office/node_modules/next/dist/compiled/next-server/app-page.runtime.prod.js:12:218715)
    at /Users/my/YYC-smart-office/node_modules/next/dist/compiled/next-server/app-page.runtime.prod.js:13:12708
    at Array.map (<anonymous>)
    at eb.icons (/Users/my/YYC-smart-office/node_modules/next/dist/compiled/next-server/app-page.runtime.prod.js:13:12701)
    at /Users/my/YYC-smart-office/node_modules/next/dist/compiled/next-server/app-page.runtime.prod.js:13:12823 {
  digest: '1983617549'
}
[Error: An error occurred in the Server Components render. The specific message is omitted in production builds to avoid leaking sensitive details. A digest property is included on this error instance which may provide additional details about the nature of the error.] {
  digest: '1983617549'
}

Error occurred prerendering page "/users". Read more: https://nextjs.org/docs/messages/prerender-error

Error: An error occurred in the Server Components render. The specific message is omitted in production builds to avoid leaking sensitive details. A digest property is included on this error instance which may provide additional details about the nature of the error.
   Generating static pages (18/38) 
TypeError: Cannot read properties of undefined (reading 'toString')
    at eE (/Users/my/YYC-smart-office/node_modules/next/dist/compiled/next-server/app-page.runtime.prod.js:12:218599)
    at eT (/Users/my/YYC-smart-office/node_modules/next/dist/compiled/next-server/app-page.runtime.prod.js:12:218715)
    at /Users/my/YYC-smart-office/node_modules/next/dist/compiled/next-server/app-page.runtime.prod.js:13:12708
    at Array.map (<anonymous>)
    at eb.icons (/Users/my/YYC-smart-office/node_modules/next/dist/compiled/next-server/app-page.runtime.prod.js:13:12701)
    at /Users/my/YYC-smart-office/node_modules/next/dist/compiled/next-server/app-page.runtime.prod.js:13:12823 {
  digest: '1983617549'
}
TypeError: Cannot read properties of undefined (reading 'toString')
    at eE (/Users/my/YYC-smart-office/node_modules/next/dist/compiled/next-server/app-page.runtime.prod.js:12:218599)
    at eT (/Users/my/YYC-smart-office/node_modules/next/dist/compiled/next-server/app-page.runtime.prod.js:12:218715)
    at /Users/my/YYC-smart-office/node_modules/next/dist/compiled/next-server/app-page.runtime.prod.js:13:12708
    at Array.map (<anonymous>)
    at eb.icons (/Users/my/YYC-smart-office/node_modules/next/dist/compiled/next-server/app-page.runtime.prod.js:13:12701)
    at /Users/my/YYC-smart-office/node_modules/next/dist/compiled/next-server/app-page.runtime.prod.js:13:12823 {
  digest: '1983617549'
}
TypeError: Cannot read properties of undefined (reading 'toString')
    at eE (/Users/my/YYC-smart-office/node_modules/next/dist/compiled/next-server/app-page.runtime.prod.js:12:218599)
    at eT (/Users/my/YYC-smart-office/node_modules/next/dist/compiled/next-server/app-page.runtime.prod.js:12:218715)
    at /Users/my/YYC-smart-office/node_modules/next/dist/compiled/next-server/app-page.runtime.prod.js:13:12708
    at Array.map (<anonymous>)
    at eb.icons (/Users/my/YYC-smart-office/node_modules/next/dist/compiled/next-server/app-page.runtime.prod.js:13:12701)
    at /Users/my/YYC-smart-office/node_modules/next/dist/compiled/next-server/app-page.runtime.prod.js:13:12823 {
  digest: '1983617549'
}
TypeError: Cannot read properties of undefined (reading 'toString')
    at eE (/Users/my/YYC-smart-office/node_modules/next/dist/compiled/next-server/app-page.runtime.prod.js:12:218599)
    at eT (/Users/my/YYC-smart-office/node_modules/next/dist/compiled/next-server/app-page.runtime.prod.js:12:218715)
    at /Users/my/YYC-smart-office/node_modules/next/dist/compiled/next-server/app-page.runtime.prod.js:13:12708
    at Array.map (<anonymous>)
    at eb.icons (/Users/my/YYC-smart-office/node_modules/next/dist/compiled/next-server/app-page.runtime.prod.js:13:12701)
    at /Users/my/YYC-smart-office/node_modules/next/dist/compiled/next-server/app-page.runtime.prod.js:13:12823 {
  digest: '1983617549'
}
TypeError: Cannot read properties of undefined (reading 'toString')
    at eE (/Users/my/YYC-smart-office/node_modules/next/dist/compiled/next-server/app-page.runtime.prod.js:12:218599)
    at eT (/Users/my/YYC-smart-office/node_modules/next/dist/compiled/next-server/app-page.runtime.prod.js:12:218715)
    at /Users/my/YYC-smart-office/node_modules/next/dist/compiled/next-server/app-page.runtime.prod.js:13:12708
    at Array.map (<anonymous>)
    at eb.icons (/Users/my/YYC-smart-office/node_modules/next/dist/compiled/next-server/app-page.runtime.prod.js:13:12701)
    at /Users/my/YYC-smart-office/node_modules/next/dist/compiled/next-server/app-page.runtime.prod.js:13:12823
    at runNextTicks (node:internal/process/task_queues:65:5)
    at listOnTimeout (node:internal/timers:569:9)
    at process.processTimers (node:internal/timers:543:7) {
  digest: '2453340271'
}
TypeError: Cannot read properties of undefined (reading 'toString')
    at eE (/Users/my/YYC-smart-office/node_modules/next/dist/compiled/next-server/app-page.runtime.prod.js:12:218599)
    at eT (/Users/my/YYC-smart-office/node_modules/next/dist/compiled/next-server/app-page.runtime.prod.js:12:218715)
    at /Users/my/YYC-smart-office/node_modules/next/dist/compiled/next-server/app-page.runtime.prod.js:13:12708
    at Array.map (<anonymous>)
    at eb.icons (/Users/my/YYC-smart-office/node_modules/next/dist/compiled/next-server/app-page.runtime.prod.js:13:12701)
    at /Users/my/YYC-smart-office/node_modules/next/dist/compiled/next-server/app-page.runtime.prod.js:13:12823 {
  digest: '1983617549'
}
TypeError: Cannot read properties of undefined (reading 'toString')
    at eE (/Users/my/YYC-smart-office/node_modules/next/dist/compiled/next-server/app-page.runtime.prod.js:12:218599)
    at eT (/Users/my/YYC-smart-office/node_modules/next/dist/compiled/next-server/app-page.runtime.prod.js:12:218715)
    at /Users/my/YYC-smart-office/node_modules/next/dist/compiled/next-server/app-page.runtime.prod.js:13:12708
    at Array.map (<anonymous>)
    at eb.icons (/Users/my/YYC-smart-office/node_modules/next/dist/compiled/next-server/app-page.runtime.prod.js:13:12701)
    at /Users/my/YYC-smart-office/node_modules/next/dist/compiled/next-server/app-page.runtime.prod.js:13:12823 {
  digest: '1983617549'
}
TypeError: Cannot read properties of undefined (reading 'toString')
    at eE (/Users/my/YYC-smart-office/node_modules/next/dist/compiled/next-server/app-page.runtime.prod.js:12:218599)
    at eT (/Users/my/YYC-smart-office/node_modules/next/dist/compiled/next-server/app-page.runtime.prod.js:12:218715)
    at /Users/my/YYC-smart-office/node_modules/next/dist/compiled/next-server/app-page.runtime.prod.js:13:12708
    at Array.map (<anonymous>)
    at eb.icons (/Users/my/YYC-smart-office/node_modules/next/dist/compiled/next-server/app-page.runtime.prod.js:13:12701)
    at /Users/my/YYC-smart-office/node_modules/next/dist/compiled/next-server/app-page.runtime.prod.js:13:12823 {
  digest: '1983617549'
}
[Error: An error occurred in the Server Components render. The specific message is omitted in production builds to avoid leaking sensitive details. A digest property is included on this error instance which may provide additional details about the nature of the error.] {
  digest: '1983617549'
}

Error occurred prerendering page "/approval". Read more: https://nextjs.org/docs/messages/prerender-error

Error: An error occurred in the Server Components render. The specific message is omitted in production builds to avoid leaking sensitive details. A digest property is included on this error instance which may provide additional details about the nature of the error.
TypeError: Cannot read properties of undefined (reading 'toString')
    at eE (/Users/my/YYC-smart-office/node_modules/next/dist/compiled/next-server/app-page.runtime.prod.js:12:218599)
    at eT (/Users/my/YYC-smart-office/node_modules/next/dist/compiled/next-server/app-page.runtime.prod.js:12:218715)
    at /Users/my/YYC-smart-office/node_modules/next/dist/compiled/next-server/app-page.runtime.prod.js:13:12708
    at Array.map (<anonymous>)
    at eb.icons (/Users/my/YYC-smart-office/node_modules/next/dist/compiled/next-server/app-page.runtime.prod.js:13:12701)
    at /Users/my/YYC-smart-office/node_modules/next/dist/compiled/next-server/app-page.runtime.prod.js:13:12823 {
  digest: '1983617549'
}
TypeError: Cannot read properties of undefined (reading 'toString')
    at eE (/Users/my/YYC-smart-office/node_modules/next/dist/compiled/next-server/app-page.runtime.prod.js:12:218599)
    at eT (/Users/my/YYC-smart-office/node_modules/next/dist/compiled/next-server/app-page.runtime.prod.js:12:218715)
    at /Users/my/YYC-smart-office/node_modules/next/dist/compiled/next-server/app-page.runtime.prod.js:13:12708
    at Array.map (<anonymous>)
    at eb.icons (/Users/my/YYC-smart-office/node_modules/next/dist/compiled/next-server/app-page.runtime.prod.js:13:12701)
    at /Users/my/YYC-smart-office/node_modules/next/dist/compiled/next-server/app-page.runtime.prod.js:13:12823 {
  digest: '1983617549'
}
状态检查错误: B [Error]: Dynamic server usage: Route /api/auth/status couldn't be rendered statically because it used `request.cookies`. See more info here: https://nextjs.org/docs/messages/dynamic-server-error
    at V (/Users/my/YYC-smart-office/node_modules/next/dist/compiled/next-server/app-route.runtime.prod.js:6:21777)
    at Object.get (/Users/my/YYC-smart-office/node_modules/next/dist/compiled/next-server/app-route.runtime.prod.js:6:29137)
    at c (/Users/my/YYC-smart-office/.next/server/app/api/auth/status/route.js:1:1085)
    at /Users/my/YYC-smart-office/node_modules/next/dist/compiled/next-server/app-route.runtime.prod.js:6:37016
    at /Users/my/YYC-smart-office/node_modules/next/dist/server/lib/trace/tracer.js:140:36
    at NoopContextManager.with (/Users/my/YYC-smart-office/node_modules/next/dist/compiled/@opentelemetry/api/index.js:1:7062)
    at ContextAPI.with (/Users/my/YYC-smart-office/node_modules/next/dist/compiled/@opentelemetry/api/index.js:1:518)
    at NoopTracer.startActiveSpan (/Users/my/YYC-smart-office/node_modules/next/dist/compiled/@opentelemetry/api/index.js:1:18093)
    at ProxyTracer.startActiveSpan (/Users/my/YYC-smart-office/node_modules/next/dist/compiled/@opentelemetry/api/index.js:1:18854)
    at /Users/my/YYC-smart-office/node_modules/next/dist/server/lib/trace/tracer.js:122:103 {
  description: "Route /api/auth/status couldn't be rendered statically because it used `request.cookies`. See more info here: https://nextjs.org/docs/messages/dynamic-server-error",
  digest: 'DYNAMIC_SERVER_USAGE'
}
TypeError: Cannot read properties of undefined (reading 'toString')
    at eE (/Users/my/YYC-smart-office/node_modules/next/dist/compiled/next-server/app-page.runtime.prod.js:12:218599)
    at eT (/Users/my/YYC-smart-office/node_modules/next/dist/compiled/next-server/app-page.runtime.prod.js:12:218715)
    at /Users/my/YYC-smart-office/node_modules/next/dist/compiled/next-server/app-page.runtime.prod.js:13:12708
    at Array.map (<anonymous>)
    at eb.icons (/Users/my/YYC-smart-office/node_modules/next/dist/compiled/next-server/app-page.runtime.prod.js:13:12701)
    at /Users/my/YYC-smart-office/node_modules/next/dist/compiled/next-server/app-page.runtime.prod.js:13:12823 {
  digest: '1983617549'
}
[Error: An error occurred in the Server Components render. The specific message is omitted in production builds to avoid leaking sensitive details. A digest property is included on this error instance which may provide additional details about the nature of the error.] {
  digest: '1983617549'
}

Error occurred prerendering page "/". Read more: https://nextjs.org/docs/messages/prerender-error

Error: An error occurred in the Server Components render. The specific message is omitted in production builds to avoid leaking sensitive details. A digest property is included on this error instance which may provide additional details about the nature of the error.
TypeError: Cannot read properties of undefined (reading 'toString')
    at eE (/Users/my/YYC-smart-office/node_modules/next/dist/compiled/next-server/app-page.runtime.prod.js:12:218599)
    at eT (/Users/my/YYC-smart-office/node_modules/next/dist/compiled/next-server/app-page.runtime.prod.js:12:218715)
    at /Users/my/YYC-smart-office/node_modules/next/dist/compiled/next-server/app-page.runtime.prod.js:13:12708
    at Array.map (<anonymous>)
    at eb.icons (/Users/my/YYC-smart-office/node_modules/next/dist/compiled/next-server/app-page.runtime.prod.js:13:12701)
    at /Users/my/YYC-smart-office/node_modules/next/dist/compiled/next-server/app-page.runtime.prod.js:13:12823 {
  digest: '1983617549'
}
TypeError: Cannot read properties of undefined (reading 'toString')
    at eE (/Users/my/YYC-smart-office/node_modules/next/dist/compiled/next-server/app-page.runtime.prod.js:12:218599)
    at eT (/Users/my/YYC-smart-office/node_modules/next/dist/compiled/next-server/app-page.runtime.prod.js:12:218715)
    at /Users/my/YYC-smart-office/node_modules/next/dist/compiled/next-server/app-page.runtime.prod.js:13:12708
    at Array.map (<anonymous>)
    at eb.icons (/Users/my/YYC-smart-office/node_modules/next/dist/compiled/next-server/app-page.runtime.prod.js:13:12701)
    at /Users/my/YYC-smart-office/node_modules/next/dist/compiled/next-server/app-page.runtime.prod.js:13:12823 {
  digest: '1983617549'
}
TypeError: Cannot read properties of undefined (reading 'toString')
    at eE (/Users/my/YYC-smart-office/node_modules/next/dist/compiled/next-server/app-page.runtime.prod.js:12:218599)
    at eT (/Users/my/YYC-smart-office/node_modules/next/dist/compiled/next-server/app-page.runtime.prod.js:12:218715)
    at /Users/my/YYC-smart-office/node_modules/next/dist/compiled/next-server/app-page.runtime.prod.js:13:12708
    at Array.map (<anonymous>)
    at eb.icons (/Users/my/YYC-smart-office/node_modules/next/dist/compiled/next-server/app-page.runtime.prod.js:13:12701)
    at /Users/my/YYC-smart-office/node_modules/next/dist/compiled/next-server/app-page.runtime.prod.js:13:12823 {
  digest: '1983617549'
}
TypeError: Cannot read properties of undefined (reading 'toString')
    at eE (/Users/my/YYC-smart-office/node_modules/next/dist/compiled/next-server/app-page.runtime.prod.js:12:218599)
    at eT (/Users/my/YYC-smart-office/node_modules/next/dist/compiled/next-server/app-page.runtime.prod.js:12:218715)
    at /Users/my/YYC-smart-office/node_modules/next/dist/compiled/next-server/app-page.runtime.prod.js:13:12708
    at Array.map (<anonymous>)
    at eb.icons (/Users/my/YYC-smart-office/node_modules/next/dist/compiled/next-server/app-page.runtime.prod.js:13:12701)
    at /Users/my/YYC-smart-office/node_modules/next/dist/compiled/next-server/app-page.runtime.prod.js:13:12823 {
  digest: '1983617549'
}
TypeError: Cannot read properties of undefined (reading 'toString')
    at eE (/Users/my/YYC-smart-office/node_modules/next/dist/compiled/next-server/app-page.runtime.prod.js:12:218599)
    at eT (/Users/my/YYC-smart-office/node_modules/next/dist/compiled/next-server/app-page.runtime.prod.js:12:218715)
    at /Users/my/YYC-smart-office/node_modules/next/dist/compiled/next-server/app-page.runtime.prod.js:13:12708
    at Array.map (<anonymous>)
    at eb.icons (/Users/my/YYC-smart-office/node_modules/next/dist/compiled/next-server/app-page.runtime.prod.js:13:12701)
    at /Users/my/YYC-smart-office/node_modules/next/dist/compiled/next-server/app-page.runtime.prod.js:13:12823 {
  digest: '1983617549'
}
TypeError: Cannot read properties of undefined (reading 'toString')
    at eE (/Users/my/YYC-smart-office/node_modules/next/dist/compiled/next-server/app-page.runtime.prod.js:12:218599)
    at eT (/Users/my/YYC-smart-office/node_modules/next/dist/compiled/next-server/app-page.runtime.prod.js:12:218715)
    at /Users/my/YYC-smart-office/node_modules/next/dist/compiled/next-server/app-page.runtime.prod.js:13:12708
    at Array.map (<anonymous>)
    at eb.icons (/Users/my/YYC-smart-office/node_modules/next/dist/compiled/next-server/app-page.runtime.prod.js:13:12701)
    at /Users/my/YYC-smart-office/node_modules/next/dist/compiled/next-server/app-page.runtime.prod.js:13:12823
    at runNextTicks (node:internal/process/task_queues:65:5)
    at listOnTimeout (node:internal/timers:569:9)
    at process.processTimers (node:internal/timers:543:7) {
  digest: '2453340271'
}
[Error: An error occurred in the Server Components render. The specific message is omitted in production builds to avoid leaking sensitive details. A digest property is included on this error instance which may provide additional details about the nature of the error.] {
  digest: '1983617549'
}

Error occurred prerendering page "/schedule". Read more: https://nextjs.org/docs/messages/prerender-error

Error: An error occurred in the Server Components render. The specific message is omitted in production builds to avoid leaking sensitive details. A digest property is included on this error instance which may provide additional details about the nature of the error.
TypeError: Cannot read properties of undefined (reading 'toString')
    at eE (/Users/my/YYC-smart-office/node_modules/next/dist/compiled/next-server/app-page.runtime.prod.js:12:218599)
    at eT (/Users/my/YYC-smart-office/node_modules/next/dist/compiled/next-server/app-page.runtime.prod.js:12:218715)
    at /Users/my/YYC-smart-office/node_modules/next/dist/compiled/next-server/app-page.runtime.prod.js:13:12708
    at Array.map (<anonymous>)
    at eb.icons (/Users/my/YYC-smart-office/node_modules/next/dist/compiled/next-server/app-page.runtime.prod.js:13:12701)
    at /Users/my/YYC-smart-office/node_modules/next/dist/compiled/next-server/app-page.runtime.prod.js:13:12823 {
  digest: '1983617549'
}
TypeError: Cannot read properties of undefined (reading 'toString')
    at eE (/Users/my/YYC-smart-office/node_modules/next/dist/compiled/next-server/app-page.runtime.prod.js:12:218599)
    at eT (/Users/my/YYC-smart-office/node_modules/next/dist/compiled/next-server/app-page.runtime.prod.js:12:218715)
    at /Users/my/YYC-smart-office/node_modules/next/dist/compiled/next-server/app-page.runtime.prod.js:13:12708
    at Array.map (<anonymous>)
    at eb.icons (/Users/my/YYC-smart-office/node_modules/next/dist/compiled/next-server/app-page.runtime.prod.js:13:12701)
    at /Users/my/YYC-smart-office/node_modules/next/dist/compiled/next-server/app-page.runtime.prod.js:13:12823
    at runNextTicks (node:internal/process/task_queues:65:5)
    at listOnTimeout (node:internal/timers:569:9)
    at process.processTimers (node:internal/timers:543:7) {
  digest: '2453340271'
}
TypeError: Cannot read properties of undefined (reading 'toString')
    at eE (/Users/my/YYC-smart-office/node_modules/next/dist/compiled/next-server/app-page.runtime.prod.js:12:218599)
    at eT (/Users/my/YYC-smart-office/node_modules/next/dist/compiled/next-server/app-page.runtime.prod.js:12:218715)
    at /Users/my/YYC-smart-office/node_modules/next/dist/compiled/next-server/app-page.runtime.prod.js:13:12708
    at Array.map (<anonymous>)
    at eb.icons (/Users/my/YYC-smart-office/node_modules/next/dist/compiled/next-server/app-page.runtime.prod.js:13:12701)
    at /Users/my/YYC-smart-office/node_modules/next/dist/compiled/next-server/app-page.runtime.prod.js:13:12823
    at runNextTicks (node:internal/process/task_queues:65:5)
    at listOnTimeout (node:internal/timers:569:9)
    at process.processTimers (node:internal/timers:543:7) {
  digest: '2453340271'
}
TypeError: Cannot read properties of undefined (reading 'toString')
    at eE (/Users/my/YYC-smart-office/node_modules/next/dist/compiled/next-server/app-page.runtime.prod.js:12:218599)
    at eT (/Users/my/YYC-smart-office/node_modules/next/dist/compiled/next-server/app-page.runtime.prod.js:12:218715)
    at /Users/my/YYC-smart-office/node_modules/next/dist/compiled/next-server/app-page.runtime.prod.js:13:12708
    at Array.map (<anonymous>)
    at eb.icons (/Users/my/YYC-smart-office/node_modules/next/dist/compiled/next-server/app-page.runtime.prod.js:13:12701)
    at /Users/my/YYC-smart-office/node_modules/next/dist/compiled/next-server/app-page.runtime.prod.js:13:12823 {
  digest: '1983617549'
}
TypeError: Cannot read properties of undefined (reading 'toString')
    at eE (/Users/my/YYC-smart-office/node_modules/next/dist/compiled/next-server/app-page.runtime.prod.js:12:218599)
    at eT (/Users/my/YYC-smart-office/node_modules/next/dist/compiled/next-server/app-page.runtime.prod.js:12:218715)
    at /Users/my/YYC-smart-office/node_modules/next/dist/compiled/next-server/app-page.runtime.prod.js:13:12708
    at Array.map (<anonymous>)
    at eb.icons (/Users/my/YYC-smart-office/node_modules/next/dist/compiled/next-server/app-page.runtime.prod.js:13:12701)
    at /Users/my/YYC-smart-office/node_modules/next/dist/compiled/next-server/app-page.runtime.prod.js:13:12823 {
  digest: '1983617549'
}
TypeError: Cannot read properties of undefined (reading 'toString')
    at eE (/Users/my/YYC-smart-office/node_modules/next/dist/compiled/next-server/app-page.runtime.prod.js:12:218599)
    at eT (/Users/my/YYC-smart-office/node_modules/next/dist/compiled/next-server/app-page.runtime.prod.js:12:218715)
    at /Users/my/YYC-smart-office/node_modules/next/dist/compiled/next-server/app-page.runtime.prod.js:13:12708
    at Array.map (<anonymous>)
    at eb.icons (/Users/my/YYC-smart-office/node_modules/next/dist/compiled/next-server/app-page.runtime.prod.js:13:12701)
    at /Users/my/YYC-smart-office/node_modules/next/dist/compiled/next-server/app-page.runtime.prod.js:13:12823 {
  digest: '1983617549'
}
TypeError: Cannot read properties of undefined (reading 'toString')
    at eE (/Users/my/YYC-smart-office/node_modules/next/dist/compiled/next-server/app-page.runtime.prod.js:12:218599)
    at eT (/Users/my/YYC-smart-office/node_modules/next/dist/compiled/next-server/app-page.runtime.prod.js:12:218715)
    at /Users/my/YYC-smart-office/node_modules/next/dist/compiled/next-server/app-page.runtime.prod.js:13:12708
    at Array.map (<anonymous>)
    at eb.icons (/Users/my/YYC-smart-office/node_modules/next/dist/compiled/next-server/app-page.runtime.prod.js:13:12701)
    at /Users/my/YYC-smart-office/node_modules/next/dist/compiled/next-server/app-page.runtime.prod.js:13:12823
    at runNextTicks (node:internal/process/task_queues:65:5)
    at listOnTimeout (node:internal/timers:569:9)
    at process.processTimers (node:internal/timers:543:7) {
  digest: '2453340271'
}
TypeError: Cannot read properties of undefined (reading 'toString')
    at eE (/Users/my/YYC-smart-office/node_modules/next/dist/compiled/next-server/app-page.runtime.prod.js:12:218599)
    at eT (/Users/my/YYC-smart-office/node_modules/next/dist/compiled/next-server/app-page.runtime.prod.js:12:218715)
    at /Users/my/YYC-smart-office/node_modules/next/dist/compiled/next-server/app-page.runtime.prod.js:13:12708
    at Array.map (<anonymous>)
    at eb.icons (/Users/my/YYC-smart-office/node_modules/next/dist/compiled/next-server/app-page.runtime.prod.js:13:12701)
    at /Users/my/YYC-smart-office/node_modules/next/dist/compiled/next-server/app-page.runtime.prod.js:13:12823 {
  digest: '1983617549'
}
[Error: An error occurred in the Server Components render. The specific message is omitted in production builds to avoid leaking sensitive details. A digest property is included on this error instance which may provide additional details about the nature of the error.] {
  digest: '1983617549'
}

Error occurred prerendering page "/tab-container-test". Read more: https://nextjs.org/docs/messages/prerender-error

Error: An error occurred in the Server Components render. The specific message is omitted in production builds to avoid leaking sensitive details. A digest property is included on this error instance which may provide additional details about the nature of the error.
TypeError: Cannot read properties of undefined (reading 'toString')
    at eE (/Users/my/YYC-smart-office/node_modules/next/dist/compiled/next-server/app-page.runtime.prod.js:12:218599)
    at eT (/Users/my/YYC-smart-office/node_modules/next/dist/compiled/next-server/app-page.runtime.prod.js:12:218715)
    at /Users/my/YYC-smart-office/node_modules/next/dist/compiled/next-server/app-page.runtime.prod.js:13:12708
    at Array.map (<anonymous>)
    at eb.icons (/Users/my/YYC-smart-office/node_modules/next/dist/compiled/next-server/app-page.runtime.prod.js:13:12701)
    at /Users/my/YYC-smart-office/node_modules/next/dist/compiled/next-server/app-page.runtime.prod.js:13:12823 {
  digest: '1983617549'
}
TypeError: Cannot read properties of undefined (reading 'toString')
    at eE (/Users/my/YYC-smart-office/node_modules/next/dist/compiled/next-server/app-page.runtime.prod.js:12:218599)
    at eT (/Users/my/YYC-smart-office/node_modules/next/dist/compiled/next-server/app-page.runtime.prod.js:12:218715)
    at /Users/my/YYC-smart-office/node_modules/next/dist/compiled/next-server/app-page.runtime.prod.js:13:12708
    at Array.map (<anonymous>)
    at eb.icons (/Users/my/YYC-smart-office/node_modules/next/dist/compiled/next-server/app-page.runtime.prod.js:13:12701)
    at /Users/my/YYC-smart-office/node_modules/next/dist/compiled/next-server/app-page.runtime.prod.js:13:12823 {
  digest: '1983617549'
}
TypeError: Cannot read properties of undefined (reading 'toString')
    at eE (/Users/my/YYC-smart-office/node_modules/next/dist/compiled/next-server/app-page.runtime.prod.js:12:218599)
    at eT (/Users/my/YYC-smart-office/node_modules/next/dist/compiled/next-server/app-page.runtime.prod.js:12:218715)
    at /Users/my/YYC-smart-office/node_modules/next/dist/compiled/next-server/app-page.runtime.prod.js:13:12708
    at Array.map (<anonymous>)
    at eb.icons (/Users/my/YYC-smart-office/node_modules/next/dist/compiled/next-server/app-page.runtime.prod.js:13:12701)
    at /Users/my/YYC-smart-office/node_modules/next/dist/compiled/next-server/app-page.runtime.prod.js:13:12823 {
  digest: '1983617549'
}
TypeError: Cannot read properties of undefined (reading 'toString')
    at eE (/Users/my/YYC-smart-office/node_modules/next/dist/compiled/next-server/app-page.runtime.prod.js:12:218599)
    at eT (/Users/my/YYC-smart-office/node_modules/next/dist/compiled/next-server/app-page.runtime.prod.js:12:218715)
    at /Users/my/YYC-smart-office/node_modules/next/dist/compiled/next-server/app-page.runtime.prod.js:13:12708
    at Array.map (<anonymous>)
    at eb.icons (/Users/my/YYC-smart-office/node_modules/next/dist/compiled/next-server/app-page.runtime.prod.js:13:12701)
    at /Users/my/YYC-smart-office/node_modules/next/dist/compiled/next-server/app-page.runtime.prod.js:13:12823 {
  digest: '1983617549'
}
[Error: An error occurred in the Server Components render. The specific message is omitted in production builds to avoid leaking sensitive details. A digest property is included on this error instance which may provide additional details about the nature of the error.] {
  digest: '1983617549'
}

Error occurred prerendering page "/system-health". Read more: https://nextjs.org/docs/messages/prerender-error

Error: An error occurred in the Server Components render. The specific message is omitted in production builds to avoid leaking sensitive details. A digest property is included on this error instance which may provide additional details about the nature of the error.
API处理错误: B [Error]: Dynamic server usage: Route /api/auth/verify-env couldn't be rendered statically because it used `nextUrl.searchParams`. See more info here: https://nextjs.org/docs/messages/dynamic-server-error
    at V (/Users/my/YYC-smart-office/node_modules/next/dist/compiled/next-server/app-route.runtime.prod.js:6:21777)
    at Object.get (/Users/my/YYC-smart-office/node_modules/next/dist/compiled/next-server/app-route.runtime.prod.js:6:28809)
    at /Users/my/YYC-smart-office/.next/server/app/api/reminders/route.js:1:2524
    at /Users/my/YYC-smart-office/node_modules/next/dist/compiled/next-server/app-route.runtime.prod.js:6:37016
    at /Users/my/YYC-smart-office/node_modules/next/dist/server/lib/trace/tracer.js:140:36
    at NoopContextManager.with (/Users/my/YYC-smart-office/node_modules/next/dist/compiled/@opentelemetry/api/index.js:1:7062)
    at ContextAPI.with (/Users/my/YYC-smart-office/node_modules/next/dist/compiled/@opentelemetry/api/index.js:1:518)
    at NoopTracer.startActiveSpan (/Users/my/YYC-smart-office/node_modules/next/dist/compiled/@opentelemetry/api/index.js:1:18093)
    at ProxyTracer.startActiveSpan (/Users/my/YYC-smart-office/node_modules/next/dist/compiled/@opentelemetry/api/index.js:1:18854)
    at /Users/my/YYC-smart-office/node_modules/next/dist/server/lib/trace/tracer.js:122:103 {
  description: "Route /api/auth/verify-env couldn't be rendered statically because it used `nextUrl.searchParams`. See more info here: https://nextjs.org/docs/messages/dynamic-server-error",
  digest: 'DYNAMIC_SERVER_USAGE'
}
   Generating static pages (28/38) 
TypeError: Cannot read properties of undefined (reading 'toString')
    at eE (/Users/my/YYC-smart-office/node_modules/next/dist/compiled/next-server/app-page.runtime.prod.js:12:218599)
    at eT (/Users/my/YYC-smart-office/node_modules/next/dist/compiled/next-server/app-page.runtime.prod.js:12:218715)
    at /Users/my/YYC-smart-office/node_modules/next/dist/compiled/next-server/app-page.runtime.prod.js:13:12708
    at Array.map (<anonymous>)
    at eb.icons (/Users/my/YYC-smart-office/node_modules/next/dist/compiled/next-server/app-page.runtime.prod.js:13:12701)
    at /Users/my/YYC-smart-office/node_modules/next/dist/compiled/next-server/app-page.runtime.prod.js:13:12823 {
  digest: '1983617549'
}
[Error: An error occurred in the Server Components render. The specific message is omitted in production builds to avoid leaking sensitive details. A digest property is included on this error instance which may provide additional details about the nature of the error.] {
  digest: '1983617549'
}

Error occurred prerendering page "/timeline". Read more: https://nextjs.org/docs/messages/prerender-error

Error: An error occurred in the Server Components render. The specific message is omitted in production builds to avoid leaking sensitive details. A digest property is included on this error instance which may provide additional details about the nature of the error.
API处理错误: B [Error]: Dynamic server usage: Route /api/db/status couldn't be rendered statically because it used `nextUrl.searchParams`. See more info here: https://nextjs.org/docs/messages/dynamic-server-error
    at V (/Users/my/YYC-smart-office/node_modules/next/dist/compiled/next-server/app-route.runtime.prod.js:6:21777)
    at Object.get (/Users/my/YYC-smart-office/node_modules/next/dist/compiled/next-server/app-route.runtime.prod.js:6:28809)
    at /Users/my/YYC-smart-office/.next/server/app/api/db/status/route.js:1:2603
    at /Users/my/YYC-smart-office/node_modules/next/dist/compiled/next-server/app-route.runtime.prod.js:6:37016
    at /Users/my/YYC-smart-office/node_modules/next/dist/server/lib/trace/tracer.js:140:36
    at NoopContextManager.with (/Users/my/YYC-smart-office/node_modules/next/dist/compiled/@opentelemetry/api/index.js:1:7062)
    at ContextAPI.with (/Users/my/YYC-smart-office/node_modules/next/dist/compiled/@opentelemetry/api/index.js:1:518)
    at NoopTracer.startActiveSpan (/Users/my/YYC-smart-office/node_modules/next/dist/compiled/@opentelemetry/api/index.js:1:18093)
    at ProxyTracer.startActiveSpan (/Users/my/YYC-smart-office/node_modules/next/dist/compiled/@opentelemetry/api/index.js:1:18854)
    at /Users/my/YYC-smart-office/node_modules/next/dist/server/lib/trace/tracer.js:122:103 {
  description: "Route /api/db/status couldn't be rendered statically because it used `nextUrl.searchParams`. See more info here: https://nextjs.org/docs/messages/dynamic-server-error",
  digest: 'DYNAMIC_SERVER_USAGE'
}
API处理错误: B [Error]: Dynamic server usage: Route /api/auth/csrf-token couldn't be rendered statically because it used `nextUrl.searchParams`. See more info here: https://nextjs.org/docs/messages/dynamic-server-error
    at V (/Users/my/YYC-smart-office/node_modules/next/dist/compiled/next-server/app-route.runtime.prod.js:6:21777)
    at Object.get (/Users/my/YYC-smart-office/node_modules/next/dist/compiled/next-server/app-route.runtime.prod.js:6:28809)
    at /Users/my/YYC-smart-office/.next/server/app/api/auth/csrf-token/route.js:1:1944
    at /Users/my/YYC-smart-office/node_modules/next/dist/compiled/next-server/app-route.runtime.prod.js:6:37016
    at /Users/my/YYC-smart-office/node_modules/next/dist/server/lib/trace/tracer.js:140:36
    at NoopContextManager.with (/Users/my/YYC-smart-office/node_modules/next/dist/compiled/@opentelemetry/api/index.js:1:7062)
    at ContextAPI.with (/Users/my/YYC-smart-office/node_modules/next/dist/compiled/@opentelemetry/api/index.js:1:518)
    at NoopTracer.startActiveSpan (/Users/my/YYC-smart-office/node_modules/next/dist/compiled/@opentelemetry/api/index.js:1:18093)
    at ProxyTracer.startActiveSpan (/Users/my/YYC-smart-office/node_modules/next/dist/compiled/@opentelemetry/api/index.js:1:18854)
    at /Users/my/YYC-smart-office/node_modules/next/dist/server/lib/trace/tracer.js:122:103 {
  description: "Route /api/auth/csrf-token couldn't be rendered statically because it used `nextUrl.searchParams`. See more info here: https://nextjs.org/docs/messages/dynamic-server-error",
  digest: 'DYNAMIC_SERVER_USAGE'
}
TypeError: Cannot read properties of undefined (reading 'toString')
    at eE (/Users/my/YYC-smart-office/node_modules/next/dist/compiled/next-server/app-page.runtime.prod.js:12:218599)
    at eT (/Users/my/YYC-smart-office/node_modules/next/dist/compiled/next-server/app-page.runtime.prod.js:12:218715)
    at /Users/my/YYC-smart-office/node_modules/next/dist/compiled/next-server/app-page.runtime.prod.js:13:12708
    at Array.map (<anonymous>)
    at eb.icons (/Users/my/YYC-smart-office/node_modules/next/dist/compiled/next-server/app-page.runtime.prod.js:13:12701)
    at /Users/my/YYC-smart-office/node_modules/next/dist/compiled/next-server/app-page.runtime.prod.js:13:12823 {
  digest: '1983617549'
}
[Error: An error occurred in the Server Components render. The specific message is omitted in production builds to avoid leaking sensitive details. A digest property is included on this error instance which may provide additional details about the nature of the error.] {
  digest: '1983617549'
}

Error occurred prerendering page "/logs". Read more: https://nextjs.org/docs/messages/prerender-error

Error: An error occurred in the Server Components render. The specific message is omitted in production builds to avoid leaking sensitive details. A digest property is included on this error instance which may provide additional details about the nature of the error.
TypeError: Cannot read properties of undefined (reading 'toString')
    at eE (/Users/my/YYC-smart-office/node_modules/next/dist/compiled/next-server/app-page.runtime.prod.js:12:218599)
    at eT (/Users/my/YYC-smart-office/node_modules/next/dist/compiled/next-server/app-page.runtime.prod.js:12:218715)
    at /Users/my/YYC-smart-office/node_modules/next/dist/compiled/next-server/app-page.runtime.prod.js:13:12708
    at Array.map (<anonymous>)
    at eb.icons (/Users/my/YYC-smart-office/node_modules/next/dist/compiled/next-server/app-page.runtime.prod.js:13:12701)
    at /Users/my/YYC-smart-office/node_modules/next/dist/compiled/next-server/app-page.runtime.prod.js:13:12823 {
  digest: '1983617549'
}
[Error: An error occurred in the Server Components render. The specific message is omitted in production builds to avoid leaking sensitive details. A digest property is included on this error instance which may provide additional details about the nature of the error.] {
  digest: '1983617549'
}

Error occurred prerendering page "/settings". Read more: https://nextjs.org/docs/messages/prerender-error

Error: An error occurred in the Server Components render. The specific message is omitted in production builds to avoid leaking sensitive details. A digest property is included on this error instance which may provide additional details about the nature of the error.
API处理错误: B [Error]: Dynamic server usage: Route /api/permissions/check couldn't be rendered statically because it used `nextUrl.searchParams`. See more info here: https://nextjs.org/docs/messages/dynamic-server-error
    at V (/Users/my/YYC-smart-office/node_modules/next/dist/compiled/next-server/app-route.runtime.prod.js:6:21777)
    at Object.get (/Users/my/YYC-smart-office/node_modules/next/dist/compiled/next-server/app-route.runtime.prod.js:6:28809)
    at /Users/my/YYC-smart-office/.next/server/app/api/reminders/route.js:1:2524
    at /Users/my/YYC-smart-office/node_modules/next/dist/compiled/next-server/app-route.runtime.prod.js:6:37016
    at /Users/my/YYC-smart-office/node_modules/next/dist/server/lib/trace/tracer.js:140:36
    at NoopContextManager.with (/Users/my/YYC-smart-office/node_modules/next/dist/compiled/@opentelemetry/api/index.js:1:7062)
    at ContextAPI.with (/Users/my/YYC-smart-office/node_modules/next/dist/compiled/@opentelemetry/api/index.js:1:518)
    at NoopTracer.startActiveSpan (/Users/my/YYC-smart-office/node_modules/next/dist/compiled/@opentelemetry/api/index.js:1:18093)
    at ProxyTracer.startActiveSpan (/Users/my/YYC-smart-office/node_modules/next/dist/compiled/@opentelemetry/api/index.js:1:18854)
    at /Users/my/YYC-smart-office/node_modules/next/dist/server/lib/trace/tracer.js:122:103 {
  description: "Route /api/permissions/check couldn't be rendered statically because it used `nextUrl.searchParams`. See more info here: https://nextjs.org/docs/messages/dynamic-server-error",
  digest: 'DYNAMIC_SERVER_USAGE'
}
 ✓ Generating static pages (38/38)

> Export encountered errors on following paths:
	/_not-found/page: /_not-found
	/ai-assistant/page: /ai-assistant
	/ai-maintenance/page: /ai-maintenance
	/approval/page: /approval
	/cashier/page: /cashier
	/chat/page: /chat
	/customer-followup/page: /customer-followup
	/design-tools/page: /design-tools
	/diagnostics-test/page: /diagnostics-test
	/documents/page: /documents
	/employee/page: /employee
	/inventory/page: /inventory
	/login/page: /login
	/logs/page: /logs
	/message-center/page: /message-center
	/organization/page: /organization
	/page: /
	/position-settings/page: /position-settings
	/progress/page: /progress
	/schedule/page: /schedule
	/settings/page: /settings
	/system-health/page: /system-health
	/tab-container-test/page: /tab-container-test
	/timeline/page: /timeline
	/users/page: /users
